     1                                 %line 1+1 study.asm
     2                                 
     3                                 %line 75+1 study.asm
     4                                 
     5                                 [section .data]
     6                                 
     7                                 
     8                                 
     9                                 
    10                                 TRUE equ 1
    11                                 FALSE equ 0
    12                                 
    13                                 EXIT_SUCCESS equ 0
    14                                 SYS_exit equ 60
    15                                 
    16 00000000 0200                    x dw 2
    17 00000002 0C000000                y dd 12
    18 00000006 01000000                z dd 1
    19 0000000A 00000000                ans1 dd 0
    20 0000000E 00000000                ans2 dd 0
    21 00000012 00000000                ans3 dd 0
    22 00000016 00000000                ans4 dd 0
    23                                 
    24                                 [section .text]
    25                                 [global _start]
    26                                 _start:
    27                                 
    28 00000000 50                      push rax
    29                                 %line 99+0 study.asm
    30 00000001 52                      push rdx
    31 00000002 53                      push rbx
    32 00000003 56                      push rsi
    33                                 
    34                                 
    35 00000004 48C7C303000000          mov rbx, 3
    36 0000000B B800000000              mov eax, 0
    37 00000010 668B0425[00000000]      mov ax, word[x]
    38 00000018 030425[00000000]        add eax, dword[y]
    39 0000001F 030425[00000000]        add eax, dword[z]
    40 00000026 BA00000000              mov edx, 0
    41 0000002B 48F7EB                  imul rbx
    42 0000002E 48C7C309000000          mov rbx, 9
    43 00000035 48F7FB                  idiv rbx
    44 00000038 890425[00000000]        mov dword[ans1], eax
    45                                 
    46                                 
    47 0000003F 48C7C303000000          mov rbx, 3
    48 00000046 668B0425[00000000]      mov ax, word[x]
    49 0000004E 6699                    cwd
    50 00000050 99                      cdq
    51 00000051 F7FB                    idiv ebx
    52 00000053 4189C0                  mov r8d, eax
    53 00000056 B8D6FFFFFF              mov eax, -42
    54 0000005B 99                      cdq
    55 0000005C F73C25[00000000]        idiv dword[y]
    56 00000063 4401C0                  add eax, r8d
    57 00000066 4189C0                  mov r8d, eax
    58 00000069 B8F3FFFFFF              mov eax, -13
    59 0000006E 99                      cdq
    60 0000006F F73C25[00000000]        idiv dword[z]
    61 00000076 4401C0                  add eax, r8d
    62 00000079 BA00000000              mov edx, 0
    63 0000007E 48C7C302000000          mov rbx, 2
    64 00000085 F7EB                    imul ebx
    65 00000087 41B800000000            mov r8d, 0
    66 0000008D 66448B0425[00000000]      mov r8w, word[x]
    67 00000096 44030425[00000000]      add r8d, dword[y]
    68 0000009E 99                      cdq
    69 0000009F 41F7F8                  idiv r8d
    70 000000A2 890425[00000000]        mov dword[ans2], eax
    71                                 
    72                                 
    73 000000A9 48C7C302000000          mov rbx, 2
    74 000000B0 B800000000              mov eax, 0
    75 000000B5 668B0425[00000000]      mov ax, word[x]
    76                                  cdw
    77 000000BD 99                      cdq
    78 000000BE F73C25[00000000]        idiv dword[y]
    79 000000C5 4189C0                  mov r8d, eax
    80 000000C8 8B0425[00000000]        mov eax, dword[z]
    81 000000CF BA00000000              mov edx, 0
    82 000000D4 F7EB                    imul ebx
    83 000000D6 4129C0                  sub r8d, eax
    84 000000D9 4489C0                  mov eax, r8d
    85 000000DC 41B800000000            mov r8d, 0
    86 000000E2 66448B0425[00000000]      mov r8w, word[x]
    87 000000EB 4183F800                cmp r8d, 0
    88 000000EF 7F01                    jg ..@3.isPos
    89 000000F1 41F7D8                  neg r8d
    90                                  ..@3.isPos:
    91 000000F4 99                      cdq
    92 000000F5 41F7F8                  idiv r8d
    93 000000F8 890425[00000000]        mov dword[ans3], eax
    94 000000FF 891425[00000000]        mov dword[ans4], edx
    95                                 
    96 00000106 5E                      pop rsi
    97 00000107 5B                      pop rbx
    98 00000108 5A                      pop rdx
    99 00000109 58                      pop rax
   100                                 %line 100+1 study.asm
   101                                 
   102                                 last:
   103 0000010A B83C000000              mov eax, SYS_exit
   104 0000010F BB00000000              mov ebx, EXIT_SUCCESS
   105 00000114 0F05                    syscall
