     1                                 %line 1+1 asgn6.asm
     2                                 
     3                                 
     4                                 
     5                                 
     6                                 
     7                                 
     8                                 
     9                                 
    10                                 
    11                                 
    12                                 
    13                                 
    14                                 
    15                                 
    16                                 
    17                                 
    18                                 
    19                                 
    20                                 
    21                                 
    22                                 
    23                                 
    24                                 
    25                                 
    26                                 
    27                                 
    28                                 
    29                                 
    30                                 
    31                                 
    32                                 
    33                                 
    34                                 
    35                                 
    36                                 %line 64+1 asgn6.asm
    37                                 
    38                                 
    39                                 
    40                                 
    41                                 
    42                                 
    43                                 
    44                                 
    45                                 
    46                                 
    47                                 
    48                                 
    49                                 
    50                                 
    51                                 
    52                                 
    53                                 %line 120+1 asgn6.asm
    54                                 
    55                                 
    56                                 
    57                                 
    58                                 
    59                                 
    60                                 
    61                                 
    62                                 
    63                                 
    64                                 
    65                                 
    66                                 %line 160+1 asgn6.asm
    67                                 
    68                                 
    69                                 
    70                                 [section .data]
    71                                 
    72                                 
    73                                 
    74                                 
    75                                 TRUE equ 1
    76                                 FALSE equ 0
    77                                 
    78                                 EXIT_SUCCESS equ 0
    79                                 
    80                                 STDIN equ 0
    81                                 STDOUT equ 1
    82                                 STDERR equ 2
    83                                 
    84                                 SYS_read equ 0
    85                                 SYS_write equ 1
    86                                 SYS_open equ 2
    87                                 SYS_close equ 3
    88                                 SYS_fork equ 57
    89                                 SYS_exit equ 60
    90                                 SYS_creat equ 85
    91                                 SYS_time equ 201
    92                                 
    93                                 LF equ 10
    94                                 SPACE equ " "
    95                                 NULL equ 0
    96                                 ESC equ 27
    97                                 
    98                                 NUMS_PER_LINE equ 6
    99                                 
   100                                 
   101                                 
   102                                 
   103                                 STR_LENGTH equ 9
   104                                 
   105 00000000 303030303031323300-    pDiags db "00000123", NULL, "00000213", NULL, "00011030", NULL
   106 00000000 303030303032313300-
   107 00000000 303030313130333000 
   108 0000001B 303031323532313400-     db "00125214", NULL, "00002152", NULL, "00101035", NULL
   109 0000001B 303030303231353200-
   110 0000001B 303031303130333500 
   111 00000036 303030303032313200-     db "00000212", NULL, "00000343", NULL, "00000254", NULL
   112 00000036 303030303033343300-
   113 00000036 303030303032353400 
   114 00000051 303030303031353400-     db "00000154", NULL, "00000521", NULL, "00021453", NULL
   115 00000051 303030303035323100-
   116 00000051 303030323134353300 
   117 0000006C 303030303031353100-     db "00000151", NULL, "00000523", NULL, "00011345", NULL
   118 0000006C 303030303035323300-
   119 0000006C 303030313133343500 
   120 00000087 303030303031343300-     db "00000143", NULL, "00003543", NULL, "00000425", NULL
   121 00000087 303030303335343300-
   122 00000087 303030303034323500 
   123 000000A2 303030303031323200-     db "00000122", NULL, "00000235", NULL, "00001212", NULL
   124 000000A2 303030303032333500-
   125 000000A2 303030303132313200 
   126 000000BD 303030313133323300-     db "00011323", NULL, "00000055", NULL, "00015214", NULL
   127 000000BD 303030303030353500-
   128 000000BD 303030313532313400 
   129 000000D8 303030323131353300-     db "00021153", NULL, "00000004", NULL, "00011214", NULL
   130 000000D8 303030303030303400-
   131 000000D8 303030313132313400 
   132 000000F3 303031323132353100-     db "00121251", NULL, "00123451", NULL, "00000321", NULL
   133 000000F3 303031323334353100-
   134 000000F3 303030303033323100 
   135 0000010E 303030303035343300-     db "00000543", NULL, "00000032", NULL, "00000255", NULL
   136 0000010E 303030303030333200-
   137 0000010E 303030303032353500 
   138 00000129 303030303130303500-     db "00001005", NULL, "00002153", NULL, "00002143", NULL
   139 00000129 303030303231353300-
   140 00000129 303030303231343300 
   141 00000144 303030303031343300-     db "00000143", NULL, "00000103", NULL, "00000043", NULL
   142 00000144 303030303031303300-
   143 00000144 303030303030343300 
   144 0000015F 303030303030313200-     db "00000012", NULL, "00003000", NULL, "00000212", NULL
   145 0000015F 303030303330303000-
   146 0000015F 303030303032313200 
   147                                 
   148 0000017A 303030323431333400-    qDiags db "00024134", NULL, "00003244", NULL, "00021435", NULL
   149 0000017A 303030303332343400-
   150 0000017A 303030323134333500 
   151 00000195 303030303232313200-     db "00002212", NULL, "00002235", NULL, "00001341", NULL
   152 00000195 303030303232333500-
   153 00000195 303030303133343100 
   154 000001B0 303030303233343500-     db "00002345", NULL, "00001524", NULL, "00000451", NULL
   155 000001B0 303030303135323400-
   156 000001B0 303030303034353100 
   157 000001CB 303030303132343500-     db "00001245", NULL, "00000333", NULL, "00002325", NULL
   158 000001CB 303030303033333300-
   159 000001CB 303030303233323500 
   160 000001E6 303030303035313300-     db "00000513", NULL, "00000214", NULL, "00003123", NULL
   161 000001E6 303030303032313400-
   162 000001E6 303030303331323300 
   163 00000201 303030303032353100-     db "00000251", NULL, "00002415", NULL, "00001321", NULL
   164 00000201 303030303234313500-
   165 00000201 303030303133323100 
   166 0000021C 303030303231333400-     db "00002134", NULL, "00000152", NULL, "00002121", NULL
   167 0000021C 303030303031353200-
   168 0000021C 303030303231323100 
   169 00000237 303030303135353200-     db "00001552", NULL, "00000231", NULL, "00004352", NULL
   170 00000237 303030303032333100-
   171 00000237 303030303433353200 
   172 00000252 303030303534333200-     db "00005432", NULL, "00000151", NULL, "00004451", NULL
   173 00000252 303030303031353100-
   174 00000252 303030303434353100 
   175 0000026D 303030303131333200-     db "00001132", NULL, "00000511", NULL, "00011512", NULL
   176 0000026D 303030303035313100-
   177 0000026D 303030313135313200 
   178 00000288 303030303433343400-     db "00004344", NULL, "00034332", NULL, "00001245", NULL
   179 00000288 303030333433333200-
   180 00000288 303030303132343500 
   181 000002A3 303030303234313500-     db "00002415", NULL, "00001143", NULL, "00001251", NULL
   182 000002A3 303030303131343300-
   183 000002A3 303030303132353100 
   184 000002BE 303030303130303300-     db "00001003", NULL, "00000234", NULL, "00001043", NULL
   185 000002BE 303030303032333400-
   186 000002BE 303030303130343300 
   187 000002D9 303030303032313200-     db "00000212", NULL, "00000125", NULL, "00000543", NULL
   188 000002D9 303030303031323500-
   189 000002D9 303030303035343300 
   190                                 
   191 000002F4 2A000000               length dd 42
   192                                 
   193 000002F8 00000000               areasSum dd 0
   194 000002FC 00000000               areasAve dd 0
   195 00000300 00000000               areasMax dd 0
   196                                 
   197                                 
   198                                 
   199 00000304 0A2D2D2D2D2D2D2D2D-    hdr db LF, "-----------------------------------------------------"
   200 00000304 2D2D2D2D2D2D2D2D2D-
   201 00000304 2D2D2D2D2D2D2D2D2D-
   202 00000304 2D2D2D2D2D2D2D2D2D-
   203 00000304 2D2D2D2D2D2D2D2D2D-
   204 00000304 2D2D2D2D2D2D2D2D2D 
   205 0000033A 0A1B5B316D43532032-     db LF, ESC, "[1m", "CS 218 - Assignment #6", ESC, "[0m", LF
   206 0000033A 3138202D2041737369-
   207 0000033A 676E6D656E74202336-
   208 0000033A 1B5B306D0A         
   209 0000035A 52686F6D6275732041-     db "Rhombus Areas", LF, LF
   210 0000035A 726561730A0A       
   211 00000369 4172656127733A0A00      db "Area's:", LF, NULL
   212                                 
   213 00000372 0A4172656127732053-    sHdr db LF, "Area's Sum:  ", NULL
   214 00000372 756D3A202000       
   215 00000381 0A4172656127732041-    avHdr db LF, "Area's Ave:  ", NULL
   216 00000381 76653A202000       
   217 00000390 0A417265612773204D-    maxHdr db LF, "Area's Max:  ", NULL
   218 00000390 61783A202000       
   219                                 
   220 0000039F 00000000               numCount dd 0
   221 000003A3 00000000               tempNum dd 0
   222                                 
   223 000003A7 0A00                   newLine db LF, NULL
   224 000003A9 06000000               dSix dd 6
   225 000003AD 02000000               dTwo dd 2
   226 000003B1 20202000               spaces db "   ", NULL
   227                                 
   228                                 
   229                                 
   230                                 
   231                                 [section .bss]
   232                                 
   233 00000000 <gap>                  tmpString resb 20
   234 00000014 <gap>                  intPdiags resd 42
   235 000000BC <gap>                  intQdiags resd 42
   236 00000164 <gap>                  rhombusAreas resd 42
   237                                 
   238                                 
   239                                 
   240                                 [section .text]
   241                                 [global _start]
   242                                 _start:
   243                                 
   244                                 
   245                                 
   246                                 
   247 00000000 50                      push rax
   248                                 %line 272+0 asgn6.asm
   249 00000001 57                      push rdi
   250 00000002 56                      push rsi
   251 00000003 52                      push rdx
   252 00000004 51                      push rcx
   253                                 
   254 00000005 48C7C200000000          mov rdx, 0
   255 0000000C 48C7C7[00000000]        mov rdi, hdr
   256                                 ..@4.countLoop:
   257 00000013 803F00                  cmp byte [rdi], NULL
   258 00000016 7406                    je ..@4.countLoopDone
   259 00000018 48FFC7                  inc rdi
   260 0000001B 48FFC2                  inc rdx
   261 0000001E EBF1                    jmp ..@4.countLoop
   262                                 ..@4.countLoopDone:
   263                                 
   264 00000020 48C7C001000000          mov rax, SYS_write
   265 00000027 48C7C701000000          mov rdi, STDOUT
   266 0000002E 48C7C6[00000000]        mov rsi, hdr
   267 00000035 0F05                    syscall
   268                                 
   269 00000037 59                      pop rcx
   270 00000038 5A                      pop rdx
   271 00000039 5E                      pop rsi
   272 0000003A 5F                      pop rdi
   273 0000003B 58                      pop rax
   274                                 %line 273+1 asgn6.asm
   275                                 
   276                                 
   277                                 
   278                                 
   279                                 
   280 0000003C 8B0C25[00000000]        mov ecx, dword [length]
   281 00000043 01C9                    add ecx, ecx
   282 00000045 48C7C6[00000000]        mov rsi, pDiags
   283 0000004C C70425[00000000]00-     mov dword [numCount], 0
   284 0000004C 000000             
   285                                 
   286                                 printLoop:
   287 00000057 50                      push rax
   288                                 %line 284+0 asgn6.asm
   289 00000058 57                      push rdi
   290 00000059 56                      push rsi
   291 0000005A 52                      push rdx
   292 0000005B 51                      push rcx
   293                                 
   294 0000005C 48C7C200000000          mov rdx, 0
   295 00000063 4889F7                  mov rdi, rsi
   296                                 ..@5.countLoop:
   297 00000066 803F00                  cmp byte [rdi], NULL
   298 00000069 7406                    je ..@5.countLoopDone
   299 0000006B 48FFC7                  inc rdi
   300 0000006E 48FFC2                  inc rdx
   301 00000071 EBF1                    jmp ..@5.countLoop
   302                                 ..@5.countLoopDone:
   303                                 
   304 00000073 48C7C001000000          mov rax, SYS_write
   305 0000007A 48C7C701000000          mov rdi, STDOUT
   306 00000081 4889F6                  mov rsi, rsi
   307 00000084 0F05                    syscall
   308                                 
   309 00000086 59                      pop rcx
   310 00000087 5A                      pop rdx
   311 00000088 5E                      pop rsi
   312 00000089 5F                      pop rdi
   313 0000008A 58                      pop rax
   314                                 %line 285+1 asgn6.asm
   315 0000008B 50                      push rax
   316                                 %line 285+0 asgn6.asm
   317 0000008C 57                      push rdi
   318 0000008D 56                      push rsi
   319 0000008E 52                      push rdx
   320 0000008F 51                      push rcx
   321                                 
   322 00000090 48C7C200000000          mov rdx, 0
   323 00000097 48C7C7[00000000]        mov rdi, spaces
   324                                 ..@6.countLoop:
   325 0000009E 803F00                  cmp byte [rdi], NULL
   326 000000A1 7406                    je ..@6.countLoopDone
   327 000000A3 48FFC7                  inc rdi
   328 000000A6 48FFC2                  inc rdx
   329 000000A9 EBF1                    jmp ..@6.countLoop
   330                                 ..@6.countLoopDone:
   331                                 
   332 000000AB 48C7C001000000          mov rax, SYS_write
   333 000000B2 48C7C701000000          mov rdi, STDOUT
   334 000000B9 48C7C6[00000000]        mov rsi, spaces
   335 000000C0 0F05                    syscall
   336                                 
   337 000000C2 59                      pop rcx
   338 000000C3 5A                      pop rdx
   339 000000C4 5E                      pop rsi
   340 000000C5 5F                      pop rdi
   341 000000C6 58                      pop rax
   342                                 %line 286+1 asgn6.asm
   343                                 
   344 000000C7 FF0425[00000000]        inc dword [numCount]
   345 000000CE 833C25[00000000]06      cmp dword [numCount], NUMS_PER_LINE
   346 000000D6 7C45                    jl skipNewline
   347 000000D8 50                      push rax
   348                                 %line 290+0 asgn6.asm
   349 000000D9 57                      push rdi
   350 000000DA 56                      push rsi
   351 000000DB 52                      push rdx
   352 000000DC 51                      push rcx
   353                                 
   354 000000DD 48C7C200000000          mov rdx, 0
   355 000000E4 48C7C7[00000000]        mov rdi, newLine
   356                                 ..@7.countLoop:
   357 000000EB 803F00                  cmp byte [rdi], NULL
   358 000000EE 7406                    je ..@7.countLoopDone
   359 000000F0 48FFC7                  inc rdi
   360 000000F3 48FFC2                  inc rdx
   361 000000F6 EBF1                    jmp ..@7.countLoop
   362                                 ..@7.countLoopDone:
   363                                 
   364 000000F8 48C7C001000000          mov rax, SYS_write
   365 000000FF 48C7C701000000          mov rdi, STDOUT
   366 00000106 48C7C6[00000000]        mov rsi, newLine
   367 0000010D 0F05                    syscall
   368                                 
   369 0000010F 59                      pop rcx
   370 00000110 5A                      pop rdx
   371 00000111 5E                      pop rsi
   372 00000112 5F                      pop rdi
   373 00000113 58                      pop rax
   374                                 %line 291+1 asgn6.asm
   375 00000114 C70425[00000000]00-     mov dword [numCount], 0
   376 00000114 000000             
   377                                 skipNewline:
   378                                 
   379 0000011F 4883C609                add rsi, STR_LENGTH
   380                                 
   381 00000123 FFC9                    dec ecx
   382 00000125 83F900                  cmp ecx, 0
   383 00000128 0F8523FFFFFF            jne printLoop
   384                                 
   385                                 
   386                                 
   387                                 
   388 0000012E 8B0C25[00000000]        mov ecx, dword [length]
   389 00000135 48C7C6[00000000]        mov rsi, pDiags
   390 0000013C 48C7C7[00000000]        mov rdi, intPdiags
   391                                 
   392                                 cvtPloop:
   393 00000143 51                      push rcx
   394                                 %line 308+0 asgn6.asm
   395 00000144 56                      push rsi
   396 00000145 57                      push rdi
   397 00000146 50                      push rax
   398 00000147 4150                    push r8
   399                                 
   400 00000149 4989F0                  mov r8, rsi
   401 0000014C 48C7C600000000          mov rsi, 0
   402 00000153 B800000000              mov eax, 0
   403 00000158 B906000000              mov ecx, 6
   404                                  ..@8.loop:
   405 0000015D 41803800                cmp byte[r8], NULL
   406 00000161 740E                    je ..@8.loopdone
   407 00000163 418A30                  mov sil, byte[r8]
   408 00000166 4080EE30                sub sil, 0x30
   409 0000016A F7E1                    mul ecx
   410 0000016C 01F0                    add eax, esi
   411 0000016E 49FFC0                  inc r8
   412 00000171 EBE8                    jmp ..@8.loop
   413                                  ..@8.loopdone:
   414 00000173 8907                    mov dword[rdi], eax
   415                                 
   416 00000175 4158                    pop r8
   417 00000177 58                      pop rax
   418 00000178 5F                      pop rdi
   419 00000179 5E                      pop rsi
   420 0000017A 59                      pop rcx
   421                                 %line 309+1 asgn6.asm
   422 0000017B 4883C609                add rsi, STR_LENGTH
   423 0000017F 4883C704                add rdi, 4
   424                                 
   425 00000183 FFC9                    dec ecx
   426 00000185 83F900                  cmp ecx, 0
   427 00000188 75B7                    jne cvtPloop
   428                                 
   429 0000018A 8B0C25[00000000]        mov ecx, dword [length]
   430 00000191 48C7C6[00000000]        mov rsi, qDiags
   431 00000198 48C7C7[00000000]        mov rdi, intQdiags
   432                                 
   433                                 cvtQloop:
   434 0000019F 51                      push rcx
   435                                 %line 321+0 asgn6.asm
   436 000001A0 56                      push rsi
   437 000001A1 57                      push rdi
   438 000001A2 50                      push rax
   439 000001A3 4150                    push r8
   440                                 
   441 000001A5 4989F0                  mov r8, rsi
   442 000001A8 48C7C600000000          mov rsi, 0
   443 000001AF B800000000              mov eax, 0
   444 000001B4 B906000000              mov ecx, 6
   445                                  ..@9.loop:
   446 000001B9 41803800                cmp byte[r8], NULL
   447 000001BD 740E                    je ..@9.loopdone
   448 000001BF 418A30                  mov sil, byte[r8]
   449 000001C2 4080EE30                sub sil, 0x30
   450 000001C6 F7E1                    mul ecx
   451 000001C8 01F0                    add eax, esi
   452 000001CA 49FFC0                  inc r8
   453 000001CD EBE8                    jmp ..@9.loop
   454                                  ..@9.loopdone:
   455 000001CF 8907                    mov dword[rdi], eax
   456                                 
   457 000001D1 4158                    pop r8
   458 000001D3 58                      pop rax
   459 000001D4 5F                      pop rdi
   460 000001D5 5E                      pop rsi
   461 000001D6 59                      pop rcx
   462                                 %line 322+1 asgn6.asm
   463                                 
   464 000001D7 4883C609                add rsi, STR_LENGTH
   465 000001DB 4883C704                add rdi, 4
   466                                 
   467 000001DF FFC9                    dec ecx
   468 000001E1 83F900                  cmp ecx, 0
   469 000001E4 75B7                    jne cvtQloop
   470                                 
   471                                 
   472                                 
   473                                 
   474 000001E6 48C7C100000000         mov rcx, 0
   475 000001ED 8B0C25[00000000]       mov ecx, dword[length]
   476 000001F4 48C7C600000000         mov rsi, 0
   477 000001FB BB02000000             mov ebx, 2
   478 00000200 49C7C000000000         mov r8, 0
   479                                 calcLoop:
   480 00000207 8B04B5[00000000]        mov eax, dword[intQdiags+rsi*4]
   481 0000020E F724B5[00000000]        mul dword[intPdiags+rsi*4]
   482 00000215 BA00000000              mov edx, 0
   483 0000021A F7F3                    div ebx
   484 0000021C 8904B5[00000000]        mov dword[rhombusAreas+rsi*4], eax
   485                                 
   486 00000223 4101C0                  add r8d, eax
   487                                 
   488 00000226 3B0425[00000000]        cmp eax, dword[areasMax]
   489 0000022D 7605                    jbe AreaNotMore
   490 0000022F 890425[00000000]        mov dword[areasMax], eax
   491                                 AreaNotMore:
   492 00000236 48FFC6                  inc rsi
   493 00000239 48FFC9                  dec rcx
   494 0000023C 4883F900                cmp rcx, 0
   495 00000240 7400                    je calcLoopDone
   496 00000242 EBC1                    jmp calcLoop
   497                                 calcLoopDone:
   498                                 
   499                                 
   500 00000244 BA00000000             mov edx, 0
   501 00000249 44890425[00000000]     mov dword[areasSum], r8d
   502 00000251 4489C0                 mov eax, r8d
   503 00000254 F73425[00000000]       div dword[length]
   504 0000025B 890425[00000000]       mov dword[areasAve], eax
   505                                 
   506                                 
   507                                 
   508                                 
   509                                 
   510 00000262 50                      push rax
   511                                 %line 369+0 asgn6.asm
   512 00000263 57                      push rdi
   513 00000264 56                      push rsi
   514 00000265 52                      push rdx
   515 00000266 51                      push rcx
   516                                 
   517 00000267 48C7C200000000          mov rdx, 0
   518 0000026E 48C7C7[00000000]        mov rdi, sHdr
   519                                 ..@10.countLoop:
   520 00000275 803F00                  cmp byte [rdi], NULL
   521 00000278 7406                    je ..@10.countLoopDone
   522 0000027A 48FFC7                  inc rdi
   523 0000027D 48FFC2                  inc rdx
   524 00000280 EBF1                    jmp ..@10.countLoop
   525                                 ..@10.countLoopDone:
   526                                 
   527 00000282 48C7C001000000          mov rax, SYS_write
   528 00000289 48C7C701000000          mov rdi, STDOUT
   529 00000290 48C7C6[00000000]        mov rsi, sHdr
   530 00000297 0F05                    syscall
   531                                 
   532 00000299 59                      pop rcx
   533 0000029A 5A                      pop rdx
   534 0000029B 5E                      pop rsi
   535 0000029C 5F                      pop rdi
   536 0000029D 58                      pop rax
   537                                 %line 370+1 asgn6.asm
   538 0000029E 52                      push rdx
   539                                 %line 370+0 asgn6.asm
   540 0000029F 50                      push rax
   541 000002A0 51                      push rcx
   542 000002A1 56                      push rsi
   543 000002A2 57                      push rdi
   544 000002A3 4151                    push r9
   545 000002A5 4152                    push r10
   546                                 
   547 000002A7 8B0425[00000000]        mov eax, dword[areasSum]
   548 000002AE 48C7C606000000          mov rsi, 6
   549 000002B5 49C7C230000000          mov r10, 0x30
   550 000002BC 48C7C100000000          mov rcx, 0
   551 000002C3 49C7C1[00000000]        mov r9, tmpString
   552                                  ..@11.cnt:
   553 000002CA BA00000000              mov edx, 0
   554 000002CF F7F6                    div esi
   555 000002D1 48FFC1                  inc rcx
   556 000002D4 83F800                  cmp eax, 0
   557 000002D7 75EF                    jne ..@11.cnt
   558 000002D9 8B0425[00000000]        mov eax, dword[areasSum]
   559 000002E0 4901C9                  add r9, rcx
   560 000002E3 41C60100                mov byte[r9], NULL
   561 000002E7 49FFC9                  dec r9
   562                                  ..@11.cloop:
   563 000002EA BA00000000              mov edx, 0
   564 000002EF F7F6                    div esi
   565 000002F1 4401D2                  add edx, r10d
   566 000002F4 418811                  mov byte[r9], dl
   567 000002F7 49FFC9                  dec r9
   568 000002FA 83F800                  cmp eax, 0
   569 000002FD 75E9                    jne ..@11.cloop
   570 000002FF 415A                    pop r10
   571 00000301 4159                    pop r9
   572 00000303 5F                      pop rdi
   573 00000304 5E                      pop rsi
   574 00000305 59                      pop rcx
   575 00000306 58                      pop rax
   576 00000307 5A                      pop rdx
   577                                 %line 371+1 asgn6.asm
   578 00000308 50                      push rax
   579                                 %line 371+0 asgn6.asm
   580 00000309 57                      push rdi
   581 0000030A 56                      push rsi
   582 0000030B 52                      push rdx
   583 0000030C 51                      push rcx
   584                                 
   585 0000030D 48C7C200000000          mov rdx, 0
   586 00000314 48C7C7[00000000]        mov rdi, tmpString
   587                                 ..@12.countLoop:
   588 0000031B 803F00                  cmp byte [rdi], NULL
   589 0000031E 7406                    je ..@12.countLoopDone
   590 00000320 48FFC7                  inc rdi
   591 00000323 48FFC2                  inc rdx
   592 00000326 EBF1                    jmp ..@12.countLoop
   593                                 ..@12.countLoopDone:
   594                                 
   595 00000328 48C7C001000000          mov rax, SYS_write
   596 0000032F 48C7C701000000          mov rdi, STDOUT
   597 00000336 48C7C6[00000000]        mov rsi, tmpString
   598 0000033D 0F05                    syscall
   599                                 
   600 0000033F 59                      pop rcx
   601 00000340 5A                      pop rdx
   602 00000341 5E                      pop rsi
   603 00000342 5F                      pop rdi
   604 00000343 58                      pop rax
   605                                 %line 372+1 asgn6.asm
   606                                 
   607 00000344 50                      push rax
   608                                 %line 373+0 asgn6.asm
   609 00000345 57                      push rdi
   610 00000346 56                      push rsi
   611 00000347 52                      push rdx
   612 00000348 51                      push rcx
   613                                 
   614 00000349 48C7C200000000          mov rdx, 0
   615 00000350 48C7C7[00000000]        mov rdi, avHdr
   616                                 ..@13.countLoop:
   617 00000357 803F00                  cmp byte [rdi], NULL
   618 0000035A 7406                    je ..@13.countLoopDone
   619 0000035C 48FFC7                  inc rdi
   620 0000035F 48FFC2                  inc rdx
   621 00000362 EBF1                    jmp ..@13.countLoop
   622                                 ..@13.countLoopDone:
   623                                 
   624 00000364 48C7C001000000          mov rax, SYS_write
   625 0000036B 48C7C701000000          mov rdi, STDOUT
   626 00000372 48C7C6[00000000]        mov rsi, avHdr
   627 00000379 0F05                    syscall
   628                                 
   629 0000037B 59                      pop rcx
   630 0000037C 5A                      pop rdx
   631 0000037D 5E                      pop rsi
   632 0000037E 5F                      pop rdi
   633 0000037F 58                      pop rax
   634                                 %line 374+1 asgn6.asm
   635 00000380 52                      push rdx
   636                                 %line 374+0 asgn6.asm
   637 00000381 50                      push rax
   638 00000382 51                      push rcx
   639 00000383 56                      push rsi
   640 00000384 57                      push rdi
   641 00000385 4151                    push r9
   642 00000387 4152                    push r10
   643                                 
   644 00000389 8B0425[00000000]        mov eax, dword[areasAve]
   645 00000390 48C7C606000000          mov rsi, 6
   646 00000397 49C7C230000000          mov r10, 0x30
   647 0000039E 48C7C100000000          mov rcx, 0
   648 000003A5 49C7C1[00000000]        mov r9, tmpString
   649                                  ..@14.cnt:
   650 000003AC BA00000000              mov edx, 0
   651 000003B1 F7F6                    div esi
   652 000003B3 48FFC1                  inc rcx
   653 000003B6 83F800                  cmp eax, 0
   654 000003B9 75EF                    jne ..@14.cnt
   655 000003BB 8B0425[00000000]        mov eax, dword[areasAve]
   656 000003C2 4901C9                  add r9, rcx
   657 000003C5 41C60100                mov byte[r9], NULL
   658 000003C9 49FFC9                  dec r9
   659                                  ..@14.cloop:
   660 000003CC BA00000000              mov edx, 0
   661 000003D1 F7F6                    div esi
   662 000003D3 4401D2                  add edx, r10d
   663 000003D6 418811                  mov byte[r9], dl
   664 000003D9 49FFC9                  dec r9
   665 000003DC 83F800                  cmp eax, 0
   666 000003DF 75E9                    jne ..@14.cloop
   667 000003E1 415A                    pop r10
   668 000003E3 4159                    pop r9
   669 000003E5 5F                      pop rdi
   670 000003E6 5E                      pop rsi
   671 000003E7 59                      pop rcx
   672 000003E8 58                      pop rax
   673 000003E9 5A                      pop rdx
   674                                 %line 375+1 asgn6.asm
   675 000003EA 50                      push rax
   676                                 %line 375+0 asgn6.asm
   677 000003EB 57                      push rdi
   678 000003EC 56                      push rsi
   679 000003ED 52                      push rdx
   680 000003EE 51                      push rcx
   681                                 
   682 000003EF 48C7C200000000          mov rdx, 0
   683 000003F6 48C7C7[00000000]        mov rdi, tmpString
   684                                 ..@15.countLoop:
   685 000003FD 803F00                  cmp byte [rdi], NULL
   686 00000400 7406                    je ..@15.countLoopDone
   687 00000402 48FFC7                  inc rdi
   688 00000405 48FFC2                  inc rdx
   689 00000408 EBF1                    jmp ..@15.countLoop
   690                                 ..@15.countLoopDone:
   691                                 
   692 0000040A 48C7C001000000          mov rax, SYS_write
   693 00000411 48C7C701000000          mov rdi, STDOUT
   694 00000418 48C7C6[00000000]        mov rsi, tmpString
   695 0000041F 0F05                    syscall
   696                                 
   697 00000421 59                      pop rcx
   698 00000422 5A                      pop rdx
   699 00000423 5E                      pop rsi
   700 00000424 5F                      pop rdi
   701 00000425 58                      pop rax
   702                                 %line 376+1 asgn6.asm
   703                                 
   704 00000426 50                      push rax
   705                                 %line 377+0 asgn6.asm
   706 00000427 57                      push rdi
   707 00000428 56                      push rsi
   708 00000429 52                      push rdx
   709 0000042A 51                      push rcx
   710                                 
   711 0000042B 48C7C200000000          mov rdx, 0
   712 00000432 48C7C7[00000000]        mov rdi, maxHdr
   713                                 ..@16.countLoop:
   714 00000439 803F00                  cmp byte [rdi], NULL
   715 0000043C 7406                    je ..@16.countLoopDone
   716 0000043E 48FFC7                  inc rdi
   717 00000441 48FFC2                  inc rdx
   718 00000444 EBF1                    jmp ..@16.countLoop
   719                                 ..@16.countLoopDone:
   720                                 
   721 00000446 48C7C001000000          mov rax, SYS_write
   722 0000044D 48C7C701000000          mov rdi, STDOUT
   723 00000454 48C7C6[00000000]        mov rsi, maxHdr
   724 0000045B 0F05                    syscall
   725                                 
   726 0000045D 59                      pop rcx
   727 0000045E 5A                      pop rdx
   728 0000045F 5E                      pop rsi
   729 00000460 5F                      pop rdi
   730 00000461 58                      pop rax
   731                                 %line 378+1 asgn6.asm
   732 00000462 52                      push rdx
   733                                 %line 378+0 asgn6.asm
   734 00000463 50                      push rax
   735 00000464 51                      push rcx
   736 00000465 56                      push rsi
   737 00000466 57                      push rdi
   738 00000467 4151                    push r9
   739 00000469 4152                    push r10
   740                                 
   741 0000046B 8B0425[00000000]        mov eax, dword[areasMax]
   742 00000472 48C7C606000000          mov rsi, 6
   743 00000479 49C7C230000000          mov r10, 0x30
   744 00000480 48C7C100000000          mov rcx, 0
   745 00000487 49C7C1[00000000]        mov r9, tmpString
   746                                  ..@17.cnt:
   747 0000048E BA00000000              mov edx, 0
   748 00000493 F7F6                    div esi
   749 00000495 48FFC1                  inc rcx
   750 00000498 83F800                  cmp eax, 0
   751 0000049B 75EF                    jne ..@17.cnt
   752 0000049D 8B0425[00000000]        mov eax, dword[areasMax]
   753 000004A4 4901C9                  add r9, rcx
   754 000004A7 41C60100                mov byte[r9], NULL
   755 000004AB 49FFC9                  dec r9
   756                                  ..@17.cloop:
   757 000004AE BA00000000              mov edx, 0
   758 000004B3 F7F6                    div esi
   759 000004B5 4401D2                  add edx, r10d
   760 000004B8 418811                  mov byte[r9], dl
   761 000004BB 49FFC9                  dec r9
   762 000004BE 83F800                  cmp eax, 0
   763 000004C1 75E9                    jne ..@17.cloop
   764 000004C3 415A                    pop r10
   765 000004C5 4159                    pop r9
   766 000004C7 5F                      pop rdi
   767 000004C8 5E                      pop rsi
   768 000004C9 59                      pop rcx
   769 000004CA 58                      pop rax
   770 000004CB 5A                      pop rdx
   771                                 %line 379+1 asgn6.asm
   772 000004CC 50                      push rax
   773                                 %line 379+0 asgn6.asm
   774 000004CD 57                      push rdi
   775 000004CE 56                      push rsi
   776 000004CF 52                      push rdx
   777 000004D0 51                      push rcx
   778                                 
   779 000004D1 48C7C200000000          mov rdx, 0
   780 000004D8 48C7C7[00000000]        mov rdi, tmpString
   781                                 ..@18.countLoop:
   782 000004DF 803F00                  cmp byte [rdi], NULL
   783 000004E2 7406                    je ..@18.countLoopDone
   784 000004E4 48FFC7                  inc rdi
   785 000004E7 48FFC2                  inc rdx
   786 000004EA EBF1                    jmp ..@18.countLoop
   787                                 ..@18.countLoopDone:
   788                                 
   789 000004EC 48C7C001000000          mov rax, SYS_write
   790 000004F3 48C7C701000000          mov rdi, STDOUT
   791 000004FA 48C7C6[00000000]        mov rsi, tmpString
   792 00000501 0F05                    syscall
   793                                 
   794 00000503 59                      pop rcx
   795 00000504 5A                      pop rdx
   796 00000505 5E                      pop rsi
   797 00000506 5F                      pop rdi
   798 00000507 58                      pop rax
   799                                 %line 380+1 asgn6.asm
   800                                 
   801 00000508 50                      push rax
   802                                 %line 381+0 asgn6.asm
   803 00000509 57                      push rdi
   804 0000050A 56                      push rsi
   805 0000050B 52                      push rdx
   806 0000050C 51                      push rcx
   807                                 
   808 0000050D 48C7C200000000          mov rdx, 0
   809 00000514 48C7C7[00000000]        mov rdi, newLine
   810                                 ..@19.countLoop:
   811 0000051B 803F00                  cmp byte [rdi], NULL
   812 0000051E 7406                    je ..@19.countLoopDone
   813 00000520 48FFC7                  inc rdi
   814 00000523 48FFC2                  inc rdx
   815 00000526 EBF1                    jmp ..@19.countLoop
   816                                 ..@19.countLoopDone:
   817                                 
   818 00000528 48C7C001000000          mov rax, SYS_write
   819 0000052F 48C7C701000000          mov rdi, STDOUT
   820 00000536 48C7C6[00000000]        mov rsi, newLine
   821 0000053D 0F05                    syscall
   822                                 
   823 0000053F 59                      pop rcx
   824 00000540 5A                      pop rdx
   825 00000541 5E                      pop rsi
   826 00000542 5F                      pop rdi
   827 00000543 58                      pop rax
   828                                 %line 382+1 asgn6.asm
   829 00000544 50                      push rax
   830                                 %line 382+0 asgn6.asm
   831 00000545 57                      push rdi
   832 00000546 56                      push rsi
   833 00000547 52                      push rdx
   834 00000548 51                      push rcx
   835                                 
   836 00000549 48C7C200000000          mov rdx, 0
   837 00000550 48C7C7[00000000]        mov rdi, newLine
   838                                 ..@20.countLoop:
   839 00000557 803F00                  cmp byte [rdi], NULL
   840 0000055A 7406                    je ..@20.countLoopDone
   841 0000055C 48FFC7                  inc rdi
   842 0000055F 48FFC2                  inc rdx
   843 00000562 EBF1                    jmp ..@20.countLoop
   844                                 ..@20.countLoopDone:
   845                                 
   846 00000564 48C7C001000000          mov rax, SYS_write
   847 0000056B 48C7C701000000          mov rdi, STDOUT
   848 00000572 48C7C6[00000000]        mov rsi, newLine
   849 00000579 0F05                    syscall
   850                                 
   851 0000057B 59                      pop rcx
   852 0000057C 5A                      pop rdx
   853 0000057D 5E                      pop rsi
   854 0000057E 5F                      pop rdi
   855 0000057F 58                      pop rax
   856                                 %line 383+1 asgn6.asm
   857                                 
   858                                 
   859                                 
   860                                 
   861                                 last:
   862 00000580 48C7C03C000000          mov rax, SYS_exit
   863 00000587 48C7C300000000          mov rbx, EXIT_SUCCESS
   864 0000058E 0F05                    syscall
   865                                 
   866                                 
