     1                                 %line 1+1 procs.asm
     2                                 
     3                                 
     4                                 
     5                                 
     6                                 
     7                                 
     8                                 
     9                                 
    10                                 
    11                                 
    12                                 
    13                                 
    14                                 
    15                                 
    16                                 
    17                                 
    18                                 
    19                                 
    20                                 
    21                                 
    22                                 
    23                                 
    24                                 
    25                                 
    26                                 
    27                                 
    28                                 
    29                                 [section .data]
    30                                 
    31                                 
    32                                 
    33                                 
    34                                 TRUE equ 1
    35                                 FALSE equ 0
    36                                 
    37                                 EXIT_SUCCESS equ 0
    38                                 
    39                                 STDIN equ 0
    40                                 STDOUT equ 1
    41                                 STDERR equ 2
    42                                 
    43                                 SYS_read equ 0
    44                                 SYS_write equ 1
    45                                 SYS_open equ 2
    46                                 SYS_close equ 3
    47                                 SYS_fork equ 57
    48                                 SYS_exit equ 60
    49                                 SYS_creat equ 85
    50                                 SYS_time equ 201
    51                                 
    52                                 LF equ 10
    53                                 SPACE equ " "
    54                                 NULL equ 0
    55                                 ESC equ 27
    56                                 
    57                                 
    58                                 
    59                                 
    60                                 SUCCESS equ 0
    61                                 NOSUCCESS equ 1
    62                                 OUTOFRANGEMIN equ 2
    63                                 OUTOFRANGEMAX equ 3
    64                                 INPUTOVERFLOW equ 4
    65                                 ENDOFINPUT equ 5
    66                                 
    67                                 LIMIT equ 1510
    68                                 
    69                                 MIN equ -1000000
    70                                 MAX equ 1000000
    71                                 BUFFSIZE equ 50
    72                                 
    73                                 
    74                                 
    75                                 
    76                                 
    77                                 
    78                                 
    79                                 [section .text]
    80                                 
    81                                 
    82                                 
    83                                 
    84                                 
    85                                 
    86                                 
    87                                 
    88                                 
    89                                 
    90                                 
    91                                 
    92                                 
    93                                 
    94                                 
    95                                 
    96                                 
    97                                 
    98                                 
    99                                 
   100                                 
   101                                 
   102                                 
   103                                 [global readSenaryNum]
   104                                 readSenaryNum:
   105 00000000 55                      push rbp
   106 00000001 4889E5                  mov rbp, rsp
   107 00000004 4883EC37                sub rsp, 55
   108 00000008 53                      push rbx
   109 00000009 4154                    push r12
   110 0000000B 4156                    push r14
   111 0000000D 4989FE                  mov r14, rdi
   112                                 
   113 00000010 C745C900000000          mov dword[rbp-55], 0
   114 00000017 488D5DCE                lea rbx, byte[rbp-50]
   115                                  getNxtChar:
   116 0000001B 48C7C000000000          mov rax, SYS_read
   117 00000022 48C7C700000000          mov rdi, STDIN
   118 00000029 488D75CD                lea rsi, byte[rbp-51]
   119 0000002D 48C7C201000000          mov rdx, 1
   120 00000034 0F05                    syscall
   121 00000036 8A45CD                  mov al, byte[rbp-51]
   122 00000039 3C0A                    cmp al, LF
   123 0000003B 7405                    je exit
   124 0000003D 8803                    mov byte[rbx], al
   125 0000003F 48FFC3                  inc rbx
   126 00000042 EBD5                    jmp getNxtChar
   127                                  exit:
   128 00000044 C60300                  mov byte[rbx], NULL
   129                                 
   130 00000047 415E                    pop r14
   131 00000049 415C                    pop r12
   132 0000004B 5B                      pop rbx
   133 0000004C 4889EC                  mov rsp, rbp
   134 0000004F 5D                      pop rbp
   135 00000050 C3                      ret
   136                                 
   137                                 
   138                                 
   139                                 
   140                                 
   141                                 
   142                                 
   143                                 
   144                                 
   145                                 
   146                                 
   147                                 
   148                                 
   149                                 
   150                                 
   151                                 
   152                                 
   153                                 
   154                                 
   155                                 
   156                                 
   157                                 
   158                                 
   159                                 
   160                                 
   161                                 
   162                                 
   163                                 
   164                                 
   165                                 
   166                                 
   167                                 
   168                                 
   169                                 
   170                                 
   171                                 
   172                                 
   173                                 
   174                                 
   175                                 
   176                                 
   177                                 [global shellSort]
   178                                 shellSort:
   179 00000051 55                      push rbp
   180 00000052 4889E5                  mov rbp, rsp
   181 00000055 4883EC10                sub rsp, 16
   182 00000059 53                      push rbx
   183                                 
   184 0000005A 48C7C001000000          mov rax, 1
   185 00000061 8945FC                  mov dword[rbp-4], eax
   186                                  whileLoop1:
   187 00000064 B803000000              mov eax, 3
   188 00000069 F765FC                  mul dword[rbp-4]
   189 0000006C FFC0                    inc eax
   190 0000006E 39F0                    cmp eax, esi
   191 00000070 7D03                    jge exitWhileLoop1
   192 00000072 8945FC                  mov dword[rbp-4], eax
   193 00000075 EBEB                    jmp whileLoop1
   194                                  exitWhileLoop1
   195                                 
   196                                  whileLoop2:
   197 00000077 48C7C100000000          mov rcx, 0
   198 0000007E 8B4DFC                  mov ecx, dword[rbp-4]
   199 00000081 4883F900                cmp rcx, 0
   200 00000085 7E79                    jle exitWhileLoop2
   201 00000087 48FFC9                  dec rcx
   202 0000008A 894DF8                  mov dword[rbp-8], ecx
   203                                  forLoop1:
   204 0000008D 39F1                    cmp ecx, esi
   205 0000008F 7D59                    jge exitForLoop1
   206 00000091 8B048F                  mov eax, dword[rdi+rcx*4]
   207 00000094 8945F0                  mov dword[rbp-16], eax
   208 00000097 894DF4                  mov dword[rbp-12], ecx
   209                                  forLoop2:
   210 0000009A 49C7C000000000          mov r8, 0
   211 000000A1 448B45F4                mov r8d, dword[rbp-12]
   212 000000A5 443B45FC                cmp r8d, dword[rbp-4]
   213 000000A9 7C2F                    jl exitForLoop2
   214 000000AB 49C7C100000000          mov r9, 0
   215 000000B2 4589C1                  mov r9d, r8d
   216 000000B5 442B4DFC                sub r9d, dword[rbp-4]
   217 000000B9 468B0C8F                mov r9d, dword[rdi+r9*4]
   218 000000BD 443B4DF0                cmp r9d, dword[rbp-16]
   219 000000C1 7D17                    jge exitForLoop2
   220 000000C3 49C7C200000000          mov r10, 0
   221 000000CA 448B55F4                mov r10d, dword[rbp-12]
   222 000000CE 46890C97                mov dword[rdi+r10*4], r9d
   223 000000D2 442B55FC                sub r10d, dword[rbp-4]
   224 000000D6 448955F4                mov dword[rbp-12], r10d
   225 000000DA EBBC                    jmp forLoop2
   226                                  exitForLoop2:
   227 000000DC 448B4DF4                mov r9d, dword[rbp-12]
   228 000000E0 448B55F0                mov r10d, dword[rbp-16]
   229 000000E4 4689148F                mov dword[rdi+r9*4], r10d
   230 000000E8 FFC1                    inc ecx
   231 000000EA EB9F                    jmp forLoop1
   232                                  exitForLoop1
   233 000000EC 8B45FC                  mov eax, dword[rbp-4]
   234 000000EF 99                      cdq
   235 000000F0 48C7C303000000          mov rbx, 3
   236 000000F7 48F7FB                  idiv rbx
   237 000000FA 8945FC                  mov dword[rbp-4], eax
   238 000000FD E970FFFFFF              jmp whileLoop2
   239                                  exitWhileLoop2
   240                                 
   241 00000102 5B                      pop rbx
   242 00000103 4889EC                  mov rsp, rbp
   243 00000106 5D                      pop rbp
   244 00000107 C3                      ret
   245                                 
   246                                 
   247                                 
   248                                 
   249                                 
   250                                 
   251                                 
   252                                 
   253                                 
   254                                 
   255                                 
   256                                 
   257                                 
   258                                 
   259                                 
   260                                 
   261                                 
   262                                 
   263                                 
   264                                 
   265                                 
   266                                 
   267                                 
   268                                 
   269                                 
   270                                 
   271                                 
   272                                 
   273                                 
   274                                 
   275                                 
   276                                 
   277                                 [global basicStats]
   278                                 basicStats:
   279 00000108 55                      push rbp
   280 00000109 4889E5                  mov rbp, rsp
   281 0000010C 53                      push rbx
   282 0000010D 4154                    push r12
   283 0000010F 4155                    push r13
   284 00000111 488B5D10                mov rbx, qword[rbp+16]
   285                                 
   286 00000115 49C7C502000000          mov r13, 2
   287 0000011C 89F0                    mov eax, esi
   288 0000011E FFC8                    dec eax
   289 00000120 8B0487                  mov eax, dword[rdi+rax*4]
   290 00000123 8902                    mov dword[rdx], eax
   291 00000125 48C7C000000000          mov rax, 0
   292 0000012C 8B0487                  mov eax, dword[rdi+rax*4]
   293 0000012F 418900                  mov dword[r8], eax
   294 00000132 48C7C000000000          mov rax, 0
   295 00000139 E840000000              call lstSum
   296 0000013E 418901                  mov dword[r9], eax
   297 00000141 E853000000              call lstAve
   298 00000146 8903                    mov dword[rbx], eax
   299 00000148 48C7C000000000          mov rax, 0
   300 0000014F 49C7C400000000          mov r12, 0
   301 00000156 89F0                    mov eax, esi
   302 00000158 BA00000000              mov edx, 0
   303                                 
   304 0000015D 41F7F5                  div r13d
   305 00000160 83FA00                  cmp edx, 0
   306 00000163 750E                    jne aveOdd
   307 00000165 448B2487                mov r12d, dword[rdi+rax*4]
   308 00000169 FFC8                    dec eax
   309 0000016B 44032487                add r12d, dword[rdi+rax*4]
   310 0000016F 99                      cdq
   311 00000170 41F7FD                  idiv r13d
   312 00000173 8901                    mov dword[rcx], eax
   313                                  aveOdd:
   314 00000175 448B2487                mov r12d, dword[rdi+rax*4]
   315 00000179 448921                  mov dword[rcx], r12d
   316 0000017C 415D                    pop r13
   317 0000017E 415C                    pop r12
   318 00000180 5B                      pop rbx
   319 00000181 5D                      pop rbp
   320 00000182 C3                      ret
   321                                 
   322                                 
   323                                 
   324                                 
   325                                 
   326                                 
   327                                 
   328                                 
   329                                 
   330                                 
   331                                 
   332                                 
   333                                 
   334                                 
   335                                 
   336                                 [global lstSum]
   337                                 lstSum:
   338 00000183 49C7C300000000          mov r11, 0
   339 0000018A 48C7C000000000          mov rax, 0
   340                                  sumLoop:
   341 00000191 4203049F                add eax, dword[rdi+r11*4]
   342 00000195 49FFC3                  inc r11
   343 00000198 4139F3                  cmp r11d, esi
   344 0000019B 75F2                    jne sumLoop
   345 0000019D C3                      ret
   346                                 
   347                                 
   348                                 
   349                                 
   350                                 
   351                                 
   352                                 
   353                                 
   354                                 
   355                                 
   356                                 
   357                                 
   358                                 
   359                                 
   360                                 
   361                                 
   362                                 [global lstAve]
   363                                 lstAve:
   364 0000019E E8DBFFFFFF              call lstSum
   365 000001A3 99                      cdq
   366 000001A4 F7FE                    idiv esi
   367 000001A6 C3                      ret
   368                                 
   369                                 
   370                                 
   371                                 
   372                                 
   373                                 
   374                                 
   375                                 
   376                                 
   377                                 
   378                                 
   379                                 
   380                                 
   381                                 
   382                                 
   383                                 
   384                                 
   385                                 
   386                                 
   387                                 
   388                                 
   389                                 
   390                                 [global linearRegression]
   391                                 linearRegression:
   392 000001A7 55                      push rbp
   393 000001A8 4889E5                  mov rbp, rsp
   394 000001AB 4883EC0C                sub rsp, 12
   395 000001AF 53                      push rbx
   396 000001B0 4156                    push r14
   397                                 
   398 000001B2 488B5D10                mov rbx, qword[rbp+16]
   399 000001B6 4989D6                  mov r14, rdx
   400 000001B9 49C7C200000000          mov r10, 0
   401 000001C0 4C8955F4                mov qword[rbp-12], r10
   402 000001C4 448955FC                mov dword[rbp-4], r10d
   403                                  forLoopb1:
   404 000001C8 4539F2                  cmp r10d, r14d
   405 000001CB 7447                    je forLoopExitb1
   406 000001CD 48C7C000000000          mov rax, 0
   407 000001D4 49C7C300000000          mov r11, 0
   408 000001DB 48C7C200000000          mov rdx, 0
   409 000001E2 428B0497                mov eax, dword[rdi+r10*4]
   410 000001E6 29C8                    sub eax, ecx
   411 000001E8 468B1C96                mov r11d, dword[rsi+r10*4]
   412 000001EC 4529C3                  sub r11d, r8d
   413 000001EF 41F7EB                  imul r11d
   414 000001F2 0145F4                  add dword[rbp-12], eax
   415 000001F5 1155F8                  adc dword[rbp-8], edx
   416                                 
   417 000001F8 48C7C000000000          mov rax, 0
   418 000001FF 48C7C200000000          mov rdx, 0
   419 00000206 428B0497                mov eax, dword[rdi+r10*4]
   420 0000020A 29C8                    sub eax, ecx
   421 0000020C F7E8                    imul eax
   422 0000020E 0145FC                  add dword[rbp-4], eax
   423                                 
   424 00000211 49FFC2                  inc r10
   425 00000214 EBB0                    jmp forLoopb1
   426                                  forLoopExitb1:
   427 00000216 488B45F4                mov rax, qword[rbp-12]
   428 0000021A 448B5DFC                mov r11d, dword[rbp-4]
   429 0000021E 4899                    cqo
   430 00000220 49F7FB                  idiv r11
   431 00000223 8903                    mov dword[rbx], eax
   432 00000225 49C7C200000000          mov r10, 0
   433 0000022C 4589C2                  mov r10d, r8d
   434 0000022F 48C7C200000000          mov rdx, 0
   435 00000236 F7E9                    imul ecx
   436 00000238 4129C2                  sub r10d, eax
   437 0000023B 458911                  mov dword[r9], r10d
   438                                 
   439 0000023E 415E                    pop r14
   440 00000240 5B                      pop rbx
   441 00000241 5D                      pop rbp
   442 00000242 C3                      ret
   443                                 
   444                                 
   445                                 
   446                                 
