     1                                 %line 1+1 shell.asm
     2                                 
     3                                 
     4                                 
     5                                 
     6                                 
     7                                 
     8                                 
     9                                 
    10                                 
    11                                 
    12                                 
    13                                 
    14                                 
    15                                 
    16                                 
    17                                 
    18                                 
    19                                 
    20                                 
    21                                 
    22                                 
    23                                 
    24                                 
    25                                 
    26                                 
    27                                 
    28                                 
    29                                 
    30                                 
    31                                 
    32                                 
    33                                 %line 73+1 shell.asm
    34                                 
    35                                 
    36                                 
    37                                 
    38                                 
    39                                 
    40                                 
    41                                 
    42                                 
    43                                 
    44                                 
    45                                 %line 112+1 shell.asm
    46                                 
    47                                 
    48                                 
    49                                 [section .data]
    50                                 
    51                                 
    52                                 
    53                                 
    54                                 TRUE equ 1
    55                                 FALSE equ 0
    56                                 
    57                                 EXIT_SUCCESS equ 0
    58                                 
    59                                 STDIN equ 0
    60                                 STDOUT equ 1
    61                                 STDERR equ 2
    62                                 
    63                                 SYS_read equ 0
    64                                 SYS_write equ 1
    65                                 SYS_open equ 2
    66                                 SYS_close equ 3
    67                                 SYS_fork equ 57
    68                                 SYS_exit equ 60
    69                                 SYS_creat equ 85
    70                                 SYS_time equ 201
    71                                 
    72                                 LF equ 10
    73                                 NULL equ 0
    74                                 ESC equ 27
    75                                 
    76                                 LIMIT equ 10000
    77                                 STR_LENGTH equ 10
    78                                 
    79                                 
    80                                 
    81                                 
    82 00000000 59040000D004000062-    lst dd 1113, 1232, 2146, 1376, 5120, 2356, 3164, 4565, 3155, 3157
    83 00000000 080000600500000014-
    84 00000000 0000340900005C0C00-
    85 00000000 00D5110000530C0000-
    86 00000000 550C0000           
    87 00000028 671A0000B6180000AB-     dd 6759, 6326, 171, 147, 5628, 7527, 7569, 1177, 6785, 3514
    88 00000028 00000093000000FC15-
    89 00000028 0000671D0000911D00-
    90 00000028 0099040000811A0000-
    91 00000028 BA0D0000           
    92 00000050 E9030000800000006D-     dd 1001, 128, 1133, 1105, 3327, 101, 115, 1108, 1, 2115
    93 00000050 04000051040000FF0C-
    94 00000050 000065000000730000-
    95 00000050 005404000001000000-
    96 00000050 43080000           
    97 00000078 CB040000CA04000009-     dd 1227, 1226, 5129, 117, 107, 105, 109, 9999, 1150, 3414
    98 00000078 140000750000006B00-
    99 00000078 0000690000006D0000-
   100 00000078 000F2700007E040000-
   101 00000078 560D0000           
   102 000000A0 53040000D7170000DD-     dd 1107, 6103, 1245, 6440, 1465, 2311, 254, 4528, 1913, 6722
   103 000000A0 04000028190000B905-
   104 000000A0 000007090000FE0000-
   105 000000A0 00B011000079070000-
   106 000000A0 421A0000           
   107 000000C8 7D0400004E08000027-     dd 1149, 2126, 5671, 4647, 4628, 327, 2390, 1177, 8275, 5614
   108 000000C8 160000271200001412-
   109 000000C8 000047010000560900-
   110 000000C8 009904000053200000-
   111 000000C8 EE150000           
   112 000000F0 310C00009F01000067-     dd 3121, 415, 615, 122, 7217, 1, 410, 1129, 812, 2134
   113 000000F0 0200007A000000311C-
   114 000000F0 0000010000009A0100-
   115 000000F0 00690400002C030000-
   116 000000F0 56080000           
   117 00000118 C5040000BA08000007-     dd 1221, 2234, 6151, 432, 114, 1629, 114, 522, 2413, 131
   118 00000118 180000B00100007200-
   119 00000118 00005D060000720000-
   120 00000118 000A0200006D090000-
   121 00000118 83000000           
   122 00000140 071600007E0000008A-     dd 5639, 126, 1162, 441, 127, 877, 199, 5679, 1101, 3414
   123 00000140 040000B90100007F00-
   124 00000140 00006D030000C70000-
   125 00000140 002F1600004D040000-
   126 00000140 560D0000           
   127 00000168 35080000850000006D-     dd 2101, 133, 1133, 2450, 4532, 8619, 115, 1618, 9999, 115
   128 00000168 04000092090000B411-
   129 00000168 0000AB210000730000-
   130 00000168 00520600000F270000-
   131 00000168 73000000           
   132 00000190 C30400002C0C000064-     dd 1219, 3116, 612, 217, 127, 6787, 4569, 679, 5675, 4314
   133 00000190 020000D90000007F00-
   134 00000190 0000831A0000D91100-
   135 00000190 00A70200002B160000-
   136 00000190 DA100000           
   137 000001B8 50040000A91A0000A0-     dd 1104, 6825, 1184, 2143, 1176, 134, 4626, 100, 4566, 2346
   138 000001B8 0400005F0800009804-
   139 000001B8 000086000000121200-
   140 000001B8 0064000000D6110000-
   141 000001B8 2A090000           
   142 000001E0 BE040000821A000051-     dd 1214, 6786, 1617, 183, 3512, 7881, 8320, 3467, 4559, 1190
   143 000001E0 060000B7000000B80D-
   144 000001E0 0000C91E0000802000-
   145 000001E0 008B0D0000CF110000-
   146 000001E0 A6040000           
   147 00000208 670000007000000001-     dd 103, 112, 1, 2186, 191, 186, 134, 1125, 5675, 3476
   148 00000208 0000008A080000BF00-
   149 00000208 0000BA000000860000-
   150 00000208 00650400002B160000-
   151 00000208 940D0000           
   152 00000230 64000000010000007A-     dd 100, 1, 1146, 100, 101, 1, 5616, 5662, 6328, 2342
   153 00000230 040000640000006500-
   154 00000230 000001000000F01500-
   155 00000230 001E160000B8180000-
   156 00000230 26090000           
   157 00000258 59080000410800006F-     dd 2137, 2113, 1647, 114, 115, 6571, 7624, 128, 113, 3112
   158 00000258 060000720000007300-
   159 00000258 0000AB190000C81D00-
   160 00000258 008000000071000000-
   161 00000258 280C0000           
   162 00000280 BC060000AC180000C1-     dd 1724, 6316, 1217, 2183, 4352, 121, 320, 4540, 5679, 1190
   163 00000280 040000870800000011-
   164 00000280 000079000000400100-
   165 00000280 00BC1100002F160000-
   166 00000280 A6040000           
   167 000002A8 A52300007400000062-     dd 9125, 116, 1122, 117, 127, 5677, 101, 3727, 6512, 3184
   168 000002A8 040000750000007F00-
   169 000002A8 00002D160000650000-
   170 000002A8 008F0E000070190000-
   171 000002A8 700C0000           
   172 000002D0 69070000E6180000A6-     dd 1897, 6374, 1190, 1667, 1224, 7123, 116, 8126, 6784, 2329
   173 000002D0 04000083060000C804-
   174 000002D0 0000D31B0000740000-
   175 000002D0 00BE1F0000801A0000-
   176 000002D0 19090000           
   177 000002F8 500400007C00000058-     dd 1104, 124, 1112, 143, 176, 7534, 2126, 6112, 156, 1103
   178 000002F8 0400008F000000B000-
   179 000002F8 00006E1D00004E0800-
   180 000002F8 00E01700009C000000-
   181 000002F8 4F040000           
   182 00000320 81040000AC0000007A-     dd 1153, 172, 1146, 2176, 170, 156, 164, 165, 155, 5156
   183 00000320 04000080080000AA00-
   184 00000320 00009C000000A40000-
   185 00000320 00A50000009B000000-
   186 00000320 24140000           
   187 00000348 7E030000B518000064-     dd 894, 6325, 100, 143, 276, 5634, 7526, 3413, 7686, 7563
   188 00000348 0000008F0000001401-
   189 00000348 000002160000661D00-
   190 00000348 00550D0000061E0000-
   191 00000348 8B1D0000           
   192 00000370 FF010000EF1800006D-     dd 511, 6383, 1133, 2150, 825, 5721, 5615, 4568, 7813, 1231
   193 00000370 040000660800003903-
   194 00000370 000059160000EF1500-
   195 00000370 00D8110000851E0000-
   196 00000370 CF040000           
   197 00000398 0F270000920000008A-     dd 9999, 146, 1162, 147, 157, 167, 169, 177, 175, 2144
   198 00000398 040000930000009D00-
   199 00000398 0000A7000000A90000-
   200 00000398 00B1000000AF000000-
   201 00000398 60080000           
   202 000003C0 97150000400500006A-     dd 5527, 1344, 1130, 2172, 224, 7525, 100, 1, 100, 1134
   203 000003C0 0400007C080000E000-
   204 000003C0 0000651D0000640000-
   205 000003C0 000100000064000000-
   206 000003C0 6E040000           
   207 000003E8 B50000009B00000079-     dd 181, 155, 1145, 132, 167, 185, 150, 149, 182, 1434
   208 000003E8 04000084000000A700-
   209 000003E8 0000B9000000960000-
   210 000003E8 0095000000B6000000-
   211 000003E8 9A050000           
   212 00000410 B5190000290E0000AB-     dd 6581, 3625, 6315, 1, 617, 7855, 6737, 129, 4512, 1
   213 00000410 180000010000006902-
   214 00000410 0000AF1E0000511A00-
   215 00000410 0081000000A0110000-
   216 00000410 01000000           
   217 00000438 B1000000A400000088-     dd 177, 164, 1160, 1172, 184, 175, 166, 6762, 158, 4572
   218 00000438 04000094040000B800-
   219 00000438 0000AF000000A60000-
   220 00000438 006A1A00009E000000-
   221 00000438 DC110000           
   222 00000460 A1190000030500006D-     dd 6561, 1283, 1133, 1150, 135, 5631, 8185, 178, 1197, 1185
   223 00000460 0400007E0400008700-
   224 00000460 0000FF150000F91F00-
   225 00000460 00B2000000AD040000-
   226 00000460 A1040000           
   227 00000488 11160000DE1800008A-     dd 5649, 6366, 1162, 1167, 167, 1177, 169, 1177, 175, 1169
   228 00000488 0400008F040000A700-
   229 00000488 000099040000A90000-
   230 00000488 0099040000AF000000-
   231 00000488 91040000           
   232                                 
   233 000004B0 2C010000               len dd 300
   234                                 
   235 000004B4 00000000               min dd 0
   236 000004B8 00000000               med dd 0
   237 000004BC 00000000               max dd 0
   238 000004C0 00000000               sum dd 0
   239 000004C4 00000000               avg dd 0
   240                                 
   241                                 
   242                                 
   243                                 
   244 000004C8 00000000               h dd 0
   245 000004CC 00000000               i dd 0
   246 000004D0 00000000               j dd 0
   247 000004D4 00000000               tmp dd 0
   248 000004D8 06000000               dSix dd 6
   249 000004DC 02000000               dTwo dd 2
   250 000004E0 03000000               dThree dd 3
   251                                 
   252                                 
   253                                 
   254                                 
   255 000004E4 0A00                   newLine db LF, NULL
   256                                 
   257 000004E6 0A2D2D2D2D2D2D2D2D-    hdr db LF, "---------------------------"
   258 000004E6 2D2D2D2D2D2D2D2D2D-
   259 000004E6 2D2D2D2D2D2D2D2D2D-
   260 000004E6 2D                 
   261 00000502 2D2D2D2D2D2D2D2D2D-     db "---------------------------"
   262 00000502 2D2D2D2D2D2D2D2D2D-
   263 00000502 2D2D2D2D2D2D2D2D2D 
   264 0000051D 0A1B5B316D43532032-     db LF, ESC, "[1m", "CS 218 - Assignment #7", ESC, "[0m"
   265 0000051D 3138202D2041737369-
   266 0000051D 676E6D656E74202337-
   267 0000051D 1B5B306D           
   268 0000053C 0A5368656C6C20536F-     db LF, "Shell Sort", LF, LF, NULL
   269 0000053C 72740A0A00         
   270                                 
   271 0000054A 4D696E696D756D3A20-    hdrMin db "Minimum:  ", NULL
   272 0000054A 2000               
   273 00000555 4D6178696D756D3A20-    hdrMax db "Maximum:  ", NULL
   274 00000555 2000               
   275 00000560 4D656469616E3A2020-    hdrMed db "Median:   ", NULL
   276 00000560 2000               
   277 0000056B 53756D3A2020202020-    hdrSum db "Sum:      ", NULL
   278 0000056B 2000               
   279 00000576 417665726167653A20-    hdrAve db "Average:  ", NULL
   280 00000576 2000               
   281                                 
   282                                 
   283                                 
   284                                 [section .bss]
   285                                 
   286 00000000 <gap>                  count resd LIMIT
   287 00009C40 <gap>                  tmpString resb STR_LENGTH
   288                                 
   289                                 
   290                                 
   291                                 [section .text]
   292                                 [global _start]
   293                                 _start:
   294                                 
   295                                 
   296                                 
   297 00000000 B801000000              mov eax, 1
   298 00000005 890425[00000000]        mov dword[h], eax
   299                                  whileLoop1:
   300 0000000C 8B0425[00000000]        mov eax, dword[dThree]
   301 00000013 F72425[00000000]        mul dword[h]
   302 0000001A FFC0                    inc eax
   303 0000001C 3B0425[00000000]        cmp eax, dword[len]
   304 00000023 7D07                    jge exitWhileLoop1
   305 00000025 890425[00000000]        mov dword[h], eax
   306 0000002C EBDC                    jmp whileLoop1
   307                                  exitWhileLoop1:
   308                                 
   309                                  whileLoop2:
   310 0000002E 8B0C25[00000000]        mov ecx, dword[h]
   311 00000035 83F900                  cmp ecx, 0
   312 00000038 0F8EAD000000            jle exitWhileLoop2
   313 0000003E FFC9                    dec ecx
   314 00000040 890C25[00000000]        mov dword[i], ecx
   315                                  forLoop1:
   316 00000047 3B0C25[00000000]        cmp ecx, dword[len]
   317 0000004E 0F8D7C000000            jge exitForLoop1
   318 00000054 678B048D[00000000]      mov eax, dword[lst+ecx*4]
   319 0000005C 890425[00000000]        mov dword[tmp], eax
   320 00000063 890C25[00000000]        mov dword[j], ecx
   321                                  forLoop2:
   322 0000006A 8B3C25[00000000]        mov edi, dword[j]
   323 00000071 3B3C25[00000000]        cmp edi, dword[h]
   324 00000078 7C3B                    jl exitForLoop2
   325 0000007A 89FE                    mov esi, edi
   326 0000007C 2B3425[00000000]        sub esi, dword[h]
   327 00000083 678B34B5[00000000]      mov esi, dword[lst+esi*4]
   328 0000008B 3B3425[00000000]        cmp esi, dword[tmp]
   329 00000092 7E21                    jle exitForLoop2
   330 00000094 448B0C25[00000000]      mov r9d, dword[j]
   331 0000009C 674289348D[00000000]      mov dword[lst+r9d*4], esi
   332 000000A5 442B0C25[00000000]      sub r9d, dword[h]
   333 000000AD 44890C25[00000000]      mov dword[j], r9d
   334 000000B5 EBB1                    jmp forLoop2
   335                                  exitForLoop2:
   336 000000B7 8B3425[00000000]        mov esi, dword[j]
   337 000000BE 448B0C25[00000000]      mov r9d, dword[tmp]
   338 000000C6 6744890CB5[00000000]      mov dword[lst+esi*4], r9d
   339 000000CF FFC1                    inc ecx
   340 000000D1 E96CFFFFFF              jmp forLoop1
   341                                  exitForLoop1:
   342 000000D6 8B0425[00000000]        mov eax, dword[h]
   343 000000DD 99                      cdq
   344 000000DE F73C25[00000000]        idiv dword[dThree]
   345 000000E5 890425[00000000]        mov dword[h], eax
   346 000000EC E938FFFFFF              jmp whileLoop2
   347                                  exitWhileLoop2
   348                                 
   349 000000F1 48C7C000000000          mov rax, 0
   350 000000F8 48C7C100000000          mov rcx, 0
   351 000000FF 8B0C25[00000000]        mov ecx, dword[len]
   352 00000106 48C7C600000000          mov rsi, 0
   353                                  sumLoop:
   354 0000010D 0304B5[00000000]        add eax, dword[lst+rsi*4]
   355 00000114 48FFC6                  inc rsi
   356 00000117 E2F2                    loop sumLoop
   357 00000119 890425[00000000]        mov dword[sum], eax
   358 00000120 99                      cdq
   359 00000121 F73C25[00000000]        idiv dword[len]
   360 00000128 890425[00000000]        mov dword[avg], eax
   361 0000012F 8B0425[00000000]        mov eax, dword[len]
   362 00000136 FFC8                    dec eax
   363 00000138 678B0485[00000000]      mov eax, dword[lst+eax*4]
   364 00000140 890425[00000000]        mov dword[max], eax
   365 00000147 8B0425[00000000]        mov eax, dword[lst]
   366 0000014E 890425[00000000]        mov dword[min], eax
   367 00000155 8B0425[00000000]        mov eax, dword[len]
   368 0000015C BA00000000              mov edx, 0
   369 00000161 F73C25[00000000]        idiv dword[dTwo]
   370 00000168 FFC8                    dec eax
   371 0000016A 89C2                    mov edx, eax
   372 0000016C FFCA                    dec edx
   373 0000016E 678B0485[00000000]      mov eax, dword[lst+eax*4]
   374 00000176 67030495[00000000]      add eax, dword[lst+edx*4]
   375 0000017E 99                      cdq
   376 0000017F F73C25[00000000]        idiv dword[dTwo]
   377 00000186 890425[00000000]        mov dword[med], eax
   378                                 
   379                                 
   380                                 
   381                                 
   382                                 
   383 0000018D 50                      push rax
   384                                 %line 315+0 shell.asm
   385 0000018E 57                      push rdi
   386 0000018F 56                      push rsi
   387 00000190 52                      push rdx
   388 00000191 51                      push rcx
   389                                 
   390 00000192 48C7C200000000          mov rdx, 0
   391 00000199 48C7C7[00000000]        mov rdi, hdr
   392                                 ..@4.countLoop:
   393 000001A0 803F00                  cmp byte [rdi], NULL
   394 000001A3 7406                    je ..@4.countLoopDone
   395 000001A5 48FFC7                  inc rdi
   396 000001A8 48FFC2                  inc rdx
   397 000001AB EBF1                    jmp ..@4.countLoop
   398                                 ..@4.countLoopDone:
   399                                 
   400 000001AD 48C7C001000000          mov rax, SYS_write
   401 000001B4 48C7C701000000          mov rdi, STDOUT
   402 000001BB 48C7C6[00000000]        mov rsi, hdr
   403 000001C2 0F05                    syscall
   404                                 
   405 000001C4 59                      pop rcx
   406 000001C5 5A                      pop rdx
   407 000001C6 5E                      pop rsi
   408 000001C7 5F                      pop rdi
   409 000001C8 58                      pop rax
   410                                 %line 316+1 shell.asm
   411                                 
   412 000001C9 50                      push rax
   413                                 %line 317+0 shell.asm
   414 000001CA 57                      push rdi
   415 000001CB 56                      push rsi
   416 000001CC 52                      push rdx
   417 000001CD 51                      push rcx
   418                                 
   419 000001CE 48C7C200000000          mov rdx, 0
   420 000001D5 48C7C7[00000000]        mov rdi, hdrMin
   421                                 ..@5.countLoop:
   422 000001DC 803F00                  cmp byte [rdi], NULL
   423 000001DF 7406                    je ..@5.countLoopDone
   424 000001E1 48FFC7                  inc rdi
   425 000001E4 48FFC2                  inc rdx
   426 000001E7 EBF1                    jmp ..@5.countLoop
   427                                 ..@5.countLoopDone:
   428                                 
   429 000001E9 48C7C001000000          mov rax, SYS_write
   430 000001F0 48C7C701000000          mov rdi, STDOUT
   431 000001F7 48C7C6[00000000]        mov rsi, hdrMin
   432 000001FE 0F05                    syscall
   433                                 
   434 00000200 59                      pop rcx
   435 00000201 5A                      pop rdx
   436 00000202 5E                      pop rsi
   437 00000203 5F                      pop rdi
   438 00000204 58                      pop rax
   439                                 %line 318+1 shell.asm
   440 00000205 52                      push rdx
   441                                 %line 318+0 shell.asm
   442 00000206 50                      push rax
   443 00000207 51                      push rcx
   444 00000208 56                      push rsi
   445 00000209 57                      push rdi
   446 0000020A 4151                    push r9
   447 0000020C 4152                    push r10
   448                                 
   449 0000020E 8B0425[00000000]        mov eax, dword[min]
   450 00000215 48C7C606000000          mov rsi, 6
   451 0000021C 49C7C230000000          mov r10, 0x30
   452 00000223 48C7C100000000          mov rcx, 0
   453 0000022A 49C7C1[00000000]        mov r9, tmpString
   454                                  ..@6.cnt:
   455 00000231 BA00000000              mov edx, 0
   456 00000236 F7F6                    div esi
   457 00000238 48FFC1                  inc rcx
   458 0000023B 83F800                  cmp eax, 0
   459 0000023E 75EF                    jne ..@6.cnt
   460 00000240 8B0425[00000000]        mov eax, dword[min]
   461 00000247 4901C9                  add r9, rcx
   462 0000024A 41C60100                mov byte[r9], NULL
   463 0000024E 49FFC9                  dec r9
   464                                  ..@6.cloop:
   465 00000251 BA00000000              mov edx, 0
   466 00000256 F7F6                    div esi
   467 00000258 4401D2                  add edx, r10d
   468 0000025B 418811                  mov byte[r9], dl
   469 0000025E 49FFC9                  dec r9
   470 00000261 83F800                  cmp eax, 0
   471 00000264 75E9                    jne ..@6.cloop
   472                                 
   473 00000266 415A                    pop r10
   474 00000268 4159                    pop r9
   475 0000026A 5F                      pop rdi
   476 0000026B 5E                      pop rsi
   477 0000026C 59                      pop rcx
   478 0000026D 58                      pop rax
   479 0000026E 5A                      pop rdx
   480                                 %line 319+1 shell.asm
   481 0000026F 50                      push rax
   482                                 %line 319+0 shell.asm
   483 00000270 57                      push rdi
   484 00000271 56                      push rsi
   485 00000272 52                      push rdx
   486 00000273 51                      push rcx
   487                                 
   488 00000274 48C7C200000000          mov rdx, 0
   489 0000027B 48C7C7[00000000]        mov rdi, tmpString
   490                                 ..@7.countLoop:
   491 00000282 803F00                  cmp byte [rdi], NULL
   492 00000285 7406                    je ..@7.countLoopDone
   493 00000287 48FFC7                  inc rdi
   494 0000028A 48FFC2                  inc rdx
   495 0000028D EBF1                    jmp ..@7.countLoop
   496                                 ..@7.countLoopDone:
   497                                 
   498 0000028F 48C7C001000000          mov rax, SYS_write
   499 00000296 48C7C701000000          mov rdi, STDOUT
   500 0000029D 48C7C6[00000000]        mov rsi, tmpString
   501 000002A4 0F05                    syscall
   502                                 
   503 000002A6 59                      pop rcx
   504 000002A7 5A                      pop rdx
   505 000002A8 5E                      pop rsi
   506 000002A9 5F                      pop rdi
   507 000002AA 58                      pop rax
   508                                 %line 320+1 shell.asm
   509 000002AB 50                      push rax
   510                                 %line 320+0 shell.asm
   511 000002AC 57                      push rdi
   512 000002AD 56                      push rsi
   513 000002AE 52                      push rdx
   514 000002AF 51                      push rcx
   515                                 
   516 000002B0 48C7C200000000          mov rdx, 0
   517 000002B7 48C7C7[00000000]        mov rdi, newLine
   518                                 ..@8.countLoop:
   519 000002BE 803F00                  cmp byte [rdi], NULL
   520 000002C1 7406                    je ..@8.countLoopDone
   521 000002C3 48FFC7                  inc rdi
   522 000002C6 48FFC2                  inc rdx
   523 000002C9 EBF1                    jmp ..@8.countLoop
   524                                 ..@8.countLoopDone:
   525                                 
   526 000002CB 48C7C001000000          mov rax, SYS_write
   527 000002D2 48C7C701000000          mov rdi, STDOUT
   528 000002D9 48C7C6[00000000]        mov rsi, newLine
   529 000002E0 0F05                    syscall
   530                                 
   531 000002E2 59                      pop rcx
   532 000002E3 5A                      pop rdx
   533 000002E4 5E                      pop rsi
   534 000002E5 5F                      pop rdi
   535 000002E6 58                      pop rax
   536                                 %line 321+1 shell.asm
   537                                 
   538 000002E7 50                      push rax
   539                                 %line 322+0 shell.asm
   540 000002E8 57                      push rdi
   541 000002E9 56                      push rsi
   542 000002EA 52                      push rdx
   543 000002EB 51                      push rcx
   544                                 
   545 000002EC 48C7C200000000          mov rdx, 0
   546 000002F3 48C7C7[00000000]        mov rdi, hdrMax
   547                                 ..@9.countLoop:
   548 000002FA 803F00                  cmp byte [rdi], NULL
   549 000002FD 7406                    je ..@9.countLoopDone
   550 000002FF 48FFC7                  inc rdi
   551 00000302 48FFC2                  inc rdx
   552 00000305 EBF1                    jmp ..@9.countLoop
   553                                 ..@9.countLoopDone:
   554                                 
   555 00000307 48C7C001000000          mov rax, SYS_write
   556 0000030E 48C7C701000000          mov rdi, STDOUT
   557 00000315 48C7C6[00000000]        mov rsi, hdrMax
   558 0000031C 0F05                    syscall
   559                                 
   560 0000031E 59                      pop rcx
   561 0000031F 5A                      pop rdx
   562 00000320 5E                      pop rsi
   563 00000321 5F                      pop rdi
   564 00000322 58                      pop rax
   565                                 %line 323+1 shell.asm
   566 00000323 52                      push rdx
   567                                 %line 323+0 shell.asm
   568 00000324 50                      push rax
   569 00000325 51                      push rcx
   570 00000326 56                      push rsi
   571 00000327 57                      push rdi
   572 00000328 4151                    push r9
   573 0000032A 4152                    push r10
   574                                 
   575 0000032C 8B0425[00000000]        mov eax, dword[max]
   576 00000333 48C7C606000000          mov rsi, 6
   577 0000033A 49C7C230000000          mov r10, 0x30
   578 00000341 48C7C100000000          mov rcx, 0
   579 00000348 49C7C1[00000000]        mov r9, tmpString
   580                                  ..@10.cnt:
   581 0000034F BA00000000              mov edx, 0
   582 00000354 F7F6                    div esi
   583 00000356 48FFC1                  inc rcx
   584 00000359 83F800                  cmp eax, 0
   585 0000035C 75EF                    jne ..@10.cnt
   586 0000035E 8B0425[00000000]        mov eax, dword[max]
   587 00000365 4901C9                  add r9, rcx
   588 00000368 41C60100                mov byte[r9], NULL
   589 0000036C 49FFC9                  dec r9
   590                                  ..@10.cloop:
   591 0000036F BA00000000              mov edx, 0
   592 00000374 F7F6                    div esi
   593 00000376 4401D2                  add edx, r10d
   594 00000379 418811                  mov byte[r9], dl
   595 0000037C 49FFC9                  dec r9
   596 0000037F 83F800                  cmp eax, 0
   597 00000382 75E9                    jne ..@10.cloop
   598                                 
   599 00000384 415A                    pop r10
   600 00000386 4159                    pop r9
   601 00000388 5F                      pop rdi
   602 00000389 5E                      pop rsi
   603 0000038A 59                      pop rcx
   604 0000038B 58                      pop rax
   605 0000038C 5A                      pop rdx
   606                                 %line 324+1 shell.asm
   607 0000038D 50                      push rax
   608                                 %line 324+0 shell.asm
   609 0000038E 57                      push rdi
   610 0000038F 56                      push rsi
   611 00000390 52                      push rdx
   612 00000391 51                      push rcx
   613                                 
   614 00000392 48C7C200000000          mov rdx, 0
   615 00000399 48C7C7[00000000]        mov rdi, tmpString
   616                                 ..@11.countLoop:
   617 000003A0 803F00                  cmp byte [rdi], NULL
   618 000003A3 7406                    je ..@11.countLoopDone
   619 000003A5 48FFC7                  inc rdi
   620 000003A8 48FFC2                  inc rdx
   621 000003AB EBF1                    jmp ..@11.countLoop
   622                                 ..@11.countLoopDone:
   623                                 
   624 000003AD 48C7C001000000          mov rax, SYS_write
   625 000003B4 48C7C701000000          mov rdi, STDOUT
   626 000003BB 48C7C6[00000000]        mov rsi, tmpString
   627 000003C2 0F05                    syscall
   628                                 
   629 000003C4 59                      pop rcx
   630 000003C5 5A                      pop rdx
   631 000003C6 5E                      pop rsi
   632 000003C7 5F                      pop rdi
   633 000003C8 58                      pop rax
   634                                 %line 325+1 shell.asm
   635 000003C9 50                      push rax
   636                                 %line 325+0 shell.asm
   637 000003CA 57                      push rdi
   638 000003CB 56                      push rsi
   639 000003CC 52                      push rdx
   640 000003CD 51                      push rcx
   641                                 
   642 000003CE 48C7C200000000          mov rdx, 0
   643 000003D5 48C7C7[00000000]        mov rdi, newLine
   644                                 ..@12.countLoop:
   645 000003DC 803F00                  cmp byte [rdi], NULL
   646 000003DF 7406                    je ..@12.countLoopDone
   647 000003E1 48FFC7                  inc rdi
   648 000003E4 48FFC2                  inc rdx
   649 000003E7 EBF1                    jmp ..@12.countLoop
   650                                 ..@12.countLoopDone:
   651                                 
   652 000003E9 48C7C001000000          mov rax, SYS_write
   653 000003F0 48C7C701000000          mov rdi, STDOUT
   654 000003F7 48C7C6[00000000]        mov rsi, newLine
   655 000003FE 0F05                    syscall
   656                                 
   657 00000400 59                      pop rcx
   658 00000401 5A                      pop rdx
   659 00000402 5E                      pop rsi
   660 00000403 5F                      pop rdi
   661 00000404 58                      pop rax
   662                                 %line 326+1 shell.asm
   663                                 
   664 00000405 50                      push rax
   665                                 %line 327+0 shell.asm
   666 00000406 57                      push rdi
   667 00000407 56                      push rsi
   668 00000408 52                      push rdx
   669 00000409 51                      push rcx
   670                                 
   671 0000040A 48C7C200000000          mov rdx, 0
   672 00000411 48C7C7[00000000]        mov rdi, hdrMed
   673                                 ..@13.countLoop:
   674 00000418 803F00                  cmp byte [rdi], NULL
   675 0000041B 7406                    je ..@13.countLoopDone
   676 0000041D 48FFC7                  inc rdi
   677 00000420 48FFC2                  inc rdx
   678 00000423 EBF1                    jmp ..@13.countLoop
   679                                 ..@13.countLoopDone:
   680                                 
   681 00000425 48C7C001000000          mov rax, SYS_write
   682 0000042C 48C7C701000000          mov rdi, STDOUT
   683 00000433 48C7C6[00000000]        mov rsi, hdrMed
   684 0000043A 0F05                    syscall
   685                                 
   686 0000043C 59                      pop rcx
   687 0000043D 5A                      pop rdx
   688 0000043E 5E                      pop rsi
   689 0000043F 5F                      pop rdi
   690 00000440 58                      pop rax
   691                                 %line 328+1 shell.asm
   692 00000441 52                      push rdx
   693                                 %line 328+0 shell.asm
   694 00000442 50                      push rax
   695 00000443 51                      push rcx
   696 00000444 56                      push rsi
   697 00000445 57                      push rdi
   698 00000446 4151                    push r9
   699 00000448 4152                    push r10
   700                                 
   701 0000044A 8B0425[00000000]        mov eax, dword[med]
   702 00000451 48C7C606000000          mov rsi, 6
   703 00000458 49C7C230000000          mov r10, 0x30
   704 0000045F 48C7C100000000          mov rcx, 0
   705 00000466 49C7C1[00000000]        mov r9, tmpString
   706                                  ..@14.cnt:
   707 0000046D BA00000000              mov edx, 0
   708 00000472 F7F6                    div esi
   709 00000474 48FFC1                  inc rcx
   710 00000477 83F800                  cmp eax, 0
   711 0000047A 75EF                    jne ..@14.cnt
   712 0000047C 8B0425[00000000]        mov eax, dword[med]
   713 00000483 4901C9                  add r9, rcx
   714 00000486 41C60100                mov byte[r9], NULL
   715 0000048A 49FFC9                  dec r9
   716                                  ..@14.cloop:
   717 0000048D BA00000000              mov edx, 0
   718 00000492 F7F6                    div esi
   719 00000494 4401D2                  add edx, r10d
   720 00000497 418811                  mov byte[r9], dl
   721 0000049A 49FFC9                  dec r9
   722 0000049D 83F800                  cmp eax, 0
   723 000004A0 75E9                    jne ..@14.cloop
   724                                 
   725 000004A2 415A                    pop r10
   726 000004A4 4159                    pop r9
   727 000004A6 5F                      pop rdi
   728 000004A7 5E                      pop rsi
   729 000004A8 59                      pop rcx
   730 000004A9 58                      pop rax
   731 000004AA 5A                      pop rdx
   732                                 %line 329+1 shell.asm
   733 000004AB 50                      push rax
   734                                 %line 329+0 shell.asm
   735 000004AC 57                      push rdi
   736 000004AD 56                      push rsi
   737 000004AE 52                      push rdx
   738 000004AF 51                      push rcx
   739                                 
   740 000004B0 48C7C200000000          mov rdx, 0
   741 000004B7 48C7C7[00000000]        mov rdi, tmpString
   742                                 ..@15.countLoop:
   743 000004BE 803F00                  cmp byte [rdi], NULL
   744 000004C1 7406                    je ..@15.countLoopDone
   745 000004C3 48FFC7                  inc rdi
   746 000004C6 48FFC2                  inc rdx
   747 000004C9 EBF1                    jmp ..@15.countLoop
   748                                 ..@15.countLoopDone:
   749                                 
   750 000004CB 48C7C001000000          mov rax, SYS_write
   751 000004D2 48C7C701000000          mov rdi, STDOUT
   752 000004D9 48C7C6[00000000]        mov rsi, tmpString
   753 000004E0 0F05                    syscall
   754                                 
   755 000004E2 59                      pop rcx
   756 000004E3 5A                      pop rdx
   757 000004E4 5E                      pop rsi
   758 000004E5 5F                      pop rdi
   759 000004E6 58                      pop rax
   760                                 %line 330+1 shell.asm
   761 000004E7 50                      push rax
   762                                 %line 330+0 shell.asm
   763 000004E8 57                      push rdi
   764 000004E9 56                      push rsi
   765 000004EA 52                      push rdx
   766 000004EB 51                      push rcx
   767                                 
   768 000004EC 48C7C200000000          mov rdx, 0
   769 000004F3 48C7C7[00000000]        mov rdi, newLine
   770                                 ..@16.countLoop:
   771 000004FA 803F00                  cmp byte [rdi], NULL
   772 000004FD 7406                    je ..@16.countLoopDone
   773 000004FF 48FFC7                  inc rdi
   774 00000502 48FFC2                  inc rdx
   775 00000505 EBF1                    jmp ..@16.countLoop
   776                                 ..@16.countLoopDone:
   777                                 
   778 00000507 48C7C001000000          mov rax, SYS_write
   779 0000050E 48C7C701000000          mov rdi, STDOUT
   780 00000515 48C7C6[00000000]        mov rsi, newLine
   781 0000051C 0F05                    syscall
   782                                 
   783 0000051E 59                      pop rcx
   784 0000051F 5A                      pop rdx
   785 00000520 5E                      pop rsi
   786 00000521 5F                      pop rdi
   787 00000522 58                      pop rax
   788                                 %line 331+1 shell.asm
   789                                 
   790 00000523 50                      push rax
   791                                 %line 332+0 shell.asm
   792 00000524 57                      push rdi
   793 00000525 56                      push rsi
   794 00000526 52                      push rdx
   795 00000527 51                      push rcx
   796                                 
   797 00000528 48C7C200000000          mov rdx, 0
   798 0000052F 48C7C7[00000000]        mov rdi, hdrSum
   799                                 ..@17.countLoop:
   800 00000536 803F00                  cmp byte [rdi], NULL
   801 00000539 7406                    je ..@17.countLoopDone
   802 0000053B 48FFC7                  inc rdi
   803 0000053E 48FFC2                  inc rdx
   804 00000541 EBF1                    jmp ..@17.countLoop
   805                                 ..@17.countLoopDone:
   806                                 
   807 00000543 48C7C001000000          mov rax, SYS_write
   808 0000054A 48C7C701000000          mov rdi, STDOUT
   809 00000551 48C7C6[00000000]        mov rsi, hdrSum
   810 00000558 0F05                    syscall
   811                                 
   812 0000055A 59                      pop rcx
   813 0000055B 5A                      pop rdx
   814 0000055C 5E                      pop rsi
   815 0000055D 5F                      pop rdi
   816 0000055E 58                      pop rax
   817                                 %line 333+1 shell.asm
   818 0000055F 52                      push rdx
   819                                 %line 333+0 shell.asm
   820 00000560 50                      push rax
   821 00000561 51                      push rcx
   822 00000562 56                      push rsi
   823 00000563 57                      push rdi
   824 00000564 4151                    push r9
   825 00000566 4152                    push r10
   826                                 
   827 00000568 8B0425[00000000]        mov eax, dword[sum]
   828 0000056F 48C7C606000000          mov rsi, 6
   829 00000576 49C7C230000000          mov r10, 0x30
   830 0000057D 48C7C100000000          mov rcx, 0
   831 00000584 49C7C1[00000000]        mov r9, tmpString
   832                                  ..@18.cnt:
   833 0000058B BA00000000              mov edx, 0
   834 00000590 F7F6                    div esi
   835 00000592 48FFC1                  inc rcx
   836 00000595 83F800                  cmp eax, 0
   837 00000598 75EF                    jne ..@18.cnt
   838 0000059A 8B0425[00000000]        mov eax, dword[sum]
   839 000005A1 4901C9                  add r9, rcx
   840 000005A4 41C60100                mov byte[r9], NULL
   841 000005A8 49FFC9                  dec r9
   842                                  ..@18.cloop:
   843 000005AB BA00000000              mov edx, 0
   844 000005B0 F7F6                    div esi
   845 000005B2 4401D2                  add edx, r10d
   846 000005B5 418811                  mov byte[r9], dl
   847 000005B8 49FFC9                  dec r9
   848 000005BB 83F800                  cmp eax, 0
   849 000005BE 75E9                    jne ..@18.cloop
   850                                 
   851 000005C0 415A                    pop r10
   852 000005C2 4159                    pop r9
   853 000005C4 5F                      pop rdi
   854 000005C5 5E                      pop rsi
   855 000005C6 59                      pop rcx
   856 000005C7 58                      pop rax
   857 000005C8 5A                      pop rdx
   858                                 %line 334+1 shell.asm
   859 000005C9 50                      push rax
   860                                 %line 334+0 shell.asm
   861 000005CA 57                      push rdi
   862 000005CB 56                      push rsi
   863 000005CC 52                      push rdx
   864 000005CD 51                      push rcx
   865                                 
   866 000005CE 48C7C200000000          mov rdx, 0
   867 000005D5 48C7C7[00000000]        mov rdi, tmpString
   868                                 ..@19.countLoop:
   869 000005DC 803F00                  cmp byte [rdi], NULL
   870 000005DF 7406                    je ..@19.countLoopDone
   871 000005E1 48FFC7                  inc rdi
   872 000005E4 48FFC2                  inc rdx
   873 000005E7 EBF1                    jmp ..@19.countLoop
   874                                 ..@19.countLoopDone:
   875                                 
   876 000005E9 48C7C001000000          mov rax, SYS_write
   877 000005F0 48C7C701000000          mov rdi, STDOUT
   878 000005F7 48C7C6[00000000]        mov rsi, tmpString
   879 000005FE 0F05                    syscall
   880                                 
   881 00000600 59                      pop rcx
   882 00000601 5A                      pop rdx
   883 00000602 5E                      pop rsi
   884 00000603 5F                      pop rdi
   885 00000604 58                      pop rax
   886                                 %line 335+1 shell.asm
   887 00000605 50                      push rax
   888                                 %line 335+0 shell.asm
   889 00000606 57                      push rdi
   890 00000607 56                      push rsi
   891 00000608 52                      push rdx
   892 00000609 51                      push rcx
   893                                 
   894 0000060A 48C7C200000000          mov rdx, 0
   895 00000611 48C7C7[00000000]        mov rdi, newLine
   896                                 ..@20.countLoop:
   897 00000618 803F00                  cmp byte [rdi], NULL
   898 0000061B 7406                    je ..@20.countLoopDone
   899 0000061D 48FFC7                  inc rdi
   900 00000620 48FFC2                  inc rdx
   901 00000623 EBF1                    jmp ..@20.countLoop
   902                                 ..@20.countLoopDone:
   903                                 
   904 00000625 48C7C001000000          mov rax, SYS_write
   905 0000062C 48C7C701000000          mov rdi, STDOUT
   906 00000633 48C7C6[00000000]        mov rsi, newLine
   907 0000063A 0F05                    syscall
   908                                 
   909 0000063C 59                      pop rcx
   910 0000063D 5A                      pop rdx
   911 0000063E 5E                      pop rsi
   912 0000063F 5F                      pop rdi
   913 00000640 58                      pop rax
   914                                 %line 336+1 shell.asm
   915                                 
   916 00000641 50                      push rax
   917                                 %line 337+0 shell.asm
   918 00000642 57                      push rdi
   919 00000643 56                      push rsi
   920 00000644 52                      push rdx
   921 00000645 51                      push rcx
   922                                 
   923 00000646 48C7C200000000          mov rdx, 0
   924 0000064D 48C7C7[00000000]        mov rdi, hdrAve
   925                                 ..@21.countLoop:
   926 00000654 803F00                  cmp byte [rdi], NULL
   927 00000657 7406                    je ..@21.countLoopDone
   928 00000659 48FFC7                  inc rdi
   929 0000065C 48FFC2                  inc rdx
   930 0000065F EBF1                    jmp ..@21.countLoop
   931                                 ..@21.countLoopDone:
   932                                 
   933 00000661 48C7C001000000          mov rax, SYS_write
   934 00000668 48C7C701000000          mov rdi, STDOUT
   935 0000066F 48C7C6[00000000]        mov rsi, hdrAve
   936 00000676 0F05                    syscall
   937                                 
   938 00000678 59                      pop rcx
   939 00000679 5A                      pop rdx
   940 0000067A 5E                      pop rsi
   941 0000067B 5F                      pop rdi
   942 0000067C 58                      pop rax
   943                                 %line 338+1 shell.asm
   944 0000067D 52                      push rdx
   945                                 %line 338+0 shell.asm
   946 0000067E 50                      push rax
   947 0000067F 51                      push rcx
   948 00000680 56                      push rsi
   949 00000681 57                      push rdi
   950 00000682 4151                    push r9
   951 00000684 4152                    push r10
   952                                 
   953 00000686 8B0425[00000000]        mov eax, dword[avg]
   954 0000068D 48C7C606000000          mov rsi, 6
   955 00000694 49C7C230000000          mov r10, 0x30
   956 0000069B 48C7C100000000          mov rcx, 0
   957 000006A2 49C7C1[00000000]        mov r9, tmpString
   958                                  ..@22.cnt:
   959 000006A9 BA00000000              mov edx, 0
   960 000006AE F7F6                    div esi
   961 000006B0 48FFC1                  inc rcx
   962 000006B3 83F800                  cmp eax, 0
   963 000006B6 75EF                    jne ..@22.cnt
   964 000006B8 8B0425[00000000]        mov eax, dword[avg]
   965 000006BF 4901C9                  add r9, rcx
   966 000006C2 41C60100                mov byte[r9], NULL
   967 000006C6 49FFC9                  dec r9
   968                                  ..@22.cloop:
   969 000006C9 BA00000000              mov edx, 0
   970 000006CE F7F6                    div esi
   971 000006D0 4401D2                  add edx, r10d
   972 000006D3 418811                  mov byte[r9], dl
   973 000006D6 49FFC9                  dec r9
   974 000006D9 83F800                  cmp eax, 0
   975 000006DC 75E9                    jne ..@22.cloop
   976                                 
   977 000006DE 415A                    pop r10
   978 000006E0 4159                    pop r9
   979 000006E2 5F                      pop rdi
   980 000006E3 5E                      pop rsi
   981 000006E4 59                      pop rcx
   982 000006E5 58                      pop rax
   983 000006E6 5A                      pop rdx
   984                                 %line 339+1 shell.asm
   985 000006E7 50                      push rax
   986                                 %line 339+0 shell.asm
   987 000006E8 57                      push rdi
   988 000006E9 56                      push rsi
   989 000006EA 52                      push rdx
   990 000006EB 51                      push rcx
   991                                 
   992 000006EC 48C7C200000000          mov rdx, 0
   993 000006F3 48C7C7[00000000]        mov rdi, tmpString
   994                                 ..@23.countLoop:
   995 000006FA 803F00                  cmp byte [rdi], NULL
   996 000006FD 7406                    je ..@23.countLoopDone
   997 000006FF 48FFC7                  inc rdi
   998 00000702 48FFC2                  inc rdx
   999 00000705 EBF1                    jmp ..@23.countLoop
  1000                                 ..@23.countLoopDone:
  1001                                 
  1002 00000707 48C7C001000000          mov rax, SYS_write
  1003 0000070E 48C7C701000000          mov rdi, STDOUT
  1004 00000715 48C7C6[00000000]        mov rsi, tmpString
  1005 0000071C 0F05                    syscall
  1006                                 
  1007 0000071E 59                      pop rcx
  1008 0000071F 5A                      pop rdx
  1009 00000720 5E                      pop rsi
  1010 00000721 5F                      pop rdi
  1011 00000722 58                      pop rax
  1012                                 %line 340+1 shell.asm
  1013 00000723 50                      push rax
  1014                                 %line 340+0 shell.asm
  1015 00000724 57                      push rdi
  1016 00000725 56                      push rsi
  1017 00000726 52                      push rdx
  1018 00000727 51                      push rcx
  1019                                 
  1020 00000728 48C7C200000000          mov rdx, 0
  1021 0000072F 48C7C7[00000000]        mov rdi, newLine
  1022                                 ..@24.countLoop:
  1023 00000736 803F00                  cmp byte [rdi], NULL
  1024 00000739 7406                    je ..@24.countLoopDone
  1025 0000073B 48FFC7                  inc rdi
  1026 0000073E 48FFC2                  inc rdx
  1027 00000741 EBF1                    jmp ..@24.countLoop
  1028                                 ..@24.countLoopDone:
  1029                                 
  1030 00000743 48C7C001000000          mov rax, SYS_write
  1031 0000074A 48C7C701000000          mov rdi, STDOUT
  1032 00000751 48C7C6[00000000]        mov rsi, newLine
  1033 00000758 0F05                    syscall
  1034                                 
  1035 0000075A 59                      pop rcx
  1036 0000075B 5A                      pop rdx
  1037 0000075C 5E                      pop rsi
  1038 0000075D 5F                      pop rdi
  1039 0000075E 58                      pop rax
  1040                                 %line 341+1 shell.asm
  1041 0000075F 50                      push rax
  1042                                 %line 341+0 shell.asm
  1043 00000760 57                      push rdi
  1044 00000761 56                      push rsi
  1045 00000762 52                      push rdx
  1046 00000763 51                      push rcx
  1047                                 
  1048 00000764 48C7C200000000          mov rdx, 0
  1049 0000076B 48C7C7[00000000]        mov rdi, newLine
  1050                                 ..@25.countLoop:
  1051 00000772 803F00                  cmp byte [rdi], NULL
  1052 00000775 7406                    je ..@25.countLoopDone
  1053 00000777 48FFC7                  inc rdi
  1054 0000077A 48FFC2                  inc rdx
  1055 0000077D EBF1                    jmp ..@25.countLoop
  1056                                 ..@25.countLoopDone:
  1057                                 
  1058 0000077F 48C7C001000000          mov rax, SYS_write
  1059 00000786 48C7C701000000          mov rdi, STDOUT
  1060 0000078D 48C7C6[00000000]        mov rsi, newLine
  1061 00000794 0F05                    syscall
  1062                                 
  1063 00000796 59                      pop rcx
  1064 00000797 5A                      pop rdx
  1065 00000798 5E                      pop rsi
  1066 00000799 5F                      pop rdi
  1067 0000079A 58                      pop rax
  1068                                 %line 342+1 shell.asm
  1069                                 
  1070                                 
  1071                                 
  1072                                 
  1073                                 last:
  1074 0000079B 48C7C03C000000          mov rax, SYS_exit
  1075 000007A2 48C7C300000000          mov rbx, EXIT_SUCCESS
  1076 000007A9 0F05                    syscall
  1077                                 
  1078                                 
