     1                                 %line 1+1 in.asm
     2                                 
     3                                 
     4                                 
     5                                 
     6                                 
     7                                 
     8                                 
     9                                 
    10                                 
    11                                 
    12                                 
    13                                 
    14                                 
    15                                 
    16                                 
    17                                 [section .data]
    18                                 
    19                                 
    20                                 
    21                                 NULL equ 0
    22                                 
    23                                 TRUE equ 1
    24                                 FALSE equ 0
    25                                 
    26                                 EXIT_SUCCESS equ 0
    27                                 SYS_exit equ 60
    28                                 
    29                                 
    30                                 
    31                                 
    32 00000000 80100000A4FBFFFF06-    lst dd 4224, -1116, 1542, 1240, 1677
    33 00000000 060000D80400008D06-
    34 00000000 0000               
    35 00000014 9DF9FFFF740900001C-     dd -1635, 2420, 1820, 1246, -333
    36 00000014 070000DE040000B3FE-
    37 00000014 FFFF               
    38 00000028 0B09000029FFFFFFA6-     dd 2315, -215, 2726, 1140, 2565
    39 00000028 0A000074040000050A-
    40 00000028 0000               
    41 0000003C 370B00004E06000072-     dd 2871, 1614, 2418, 2513, 1422
    42 0000003C 090000D10900008E05-
    43 0000003C 0000               
    44 00000050 89FFFFFFBF0400000B-     dd -119, 1215, -1525, -712, 1441
    45 00000050 FAFFFF38FDFFFFA105-
    46 00000050 0000               
    47 00000064 DAF1FFFF25FDFFFF3F-     dd -3622, -731, -1729, 1615, 2724
    48 00000064 F9FFFF4F060000A40A-
    49 00000064 0000               
    50 00000078 C104000020FFFFFF2C-     dd 1217, -224, 1580, 1147, 2324
    51 00000078 0600007B0400001409-
    52 00000078 0000               
    53 0000008C 9105000018070000EE-     dd 1425, 1816, 1262, -2718, 1192
    54 0000008C 04000062F5FFFFA804-
    55 0000008C 0000               
    56 000000A0 65FAFFFFEB000000CC-     dd -1435, 235, 2764, -1615, 1310
    57 000000A0 0A0000B1F9FFFF1E05-
    58 000000A0 0000               
    59 000000B4 E5060000A207000039-     dd 1765, 1954, -967, 1515, 1556
    60 000000B4 FCFFFFEB0500001406-
    61 000000B4 0000               
    62 000000C8 3E050000991C000014-     dd 1342, 7321, 1556, 2727, 1227
    63 000000C8 060000A70A0000CB04-
    64 000000C8 0000               
    65 000000DC 79F8FFFF66050000B9-     dd -1927, 1382, 1465, 3955, 1435
    66 000000DC 050000730F00009B05-
    67 000000DC 0000               
    68 000000F0 1FFFFFFF8DF6FFFF1A-     dd -225, -2419, -2534, -1345, 2467
    69 000000F0 F6FFFFBFFAFFFFA309-
    70 000000F0 0000               
    71 00000104 4F060000A707000037-     dd 1615, 1959, 1335, 2856, 2553
    72 00000104 050000280B0000F909-
    73 00000104 0000               
    74 00000118 F5FBFFFF29070000B8-     dd -1035, 1833, 1464, 1915, -1810
    75 00000118 0500007B070000EEF8-
    76 00000118 FFFF               
    77 0000012C B905000012060000F5-     dd 1465, 1554, -267, 1615, 1656
    78 0000012C FEFFFF4F0600007806-
    79 0000012C 0000               
    80 00000140 90080000C7FCFFFF85-     dd 2192, -825, 1925, 2312, 1725
    81 00000140 07000008090000BD06-
    82 00000140 0000               
    83 00000154 2BF6FFFFDA0500005B-     dd -2517, 1498, -677, 1475, 2034
    84 00000154 FDFFFFC3050000F207-
    85 00000154 0000               
    86 00000168 C70400005B0700006B-     dd 1223, 1883, -1173, 1350, 2415
    87 00000168 FBFFFF460500006F09-
    88 00000168 0000               
    89 0000017C B1FEFFFF650400005E-     dd -335, 1125, 1118, 1713, 3025
    90 0000017C 040000B1060000D10B-
    91 0000017C 0000               
    92 00000190 64000000               length dd 100
    93                                 
    94 00000194 00000000               lstMin dd 0
    95 00000198 00000000               lstMid dd 0
    96 0000019C 00000000               lstMax dd 0
    97 000001A0 00000000               lstSum dd 0
    98 000001A4 00000000               lstAve dd 0
    99                                 
   100 000001A8 00000000               negCnt dd 0
   101 000001AC 00000000               negSum dd 0
   102 000001B0 00000000               negAve dd 0
   103                                 
   104 000001B4 00000000               threeCnt dd 0
   105 000001B8 00000000               threeSum dd 0
   106 000001BC 00000000               threeAve dd 0
   107                                 
   108                                 
   109                                 
   110                                 [section .text]
   111                                 [global _start]
   112                                 _start:
   113                                 
   114 00000000 8B0C25[00000000]       mov ecx, dword[length]
   115 00000007 48C7C600000000         mov rsi, 0
   116 0000000E B800000000             mov eax, 0
   117 00000013 C70425[00000000]00-    mov dword[lstSum], 0
   118 00000013 000000             
   119                                 calcLoop:
   120 0000001E 0304B5[00000000]        add eax, dword[lst+rsi*4]
   121 00000025 48FFC6                  inc rsi
   122 00000028 E2F2                    loop calcLoop
   123 0000002A 890425[00000000]       mov dword[lstSum], eax
   124                                 
   125                                 
   126                                 
   127                                 
   128                                 last:
   129 00000031 B83C000000              mov eax, SYS_exit
   130 00000036 BB00000000              mov ebx, EXIT_SUCCESS
   131 0000003B 0F05                    syscall
