     1                                 %line 1+1 in.asm
     2                                 
     3                                 
     4                                 
     5                                 
     6                                 
     7                                 
     8                                 
     9                                 
    10                                 
    11                                 
    12                                 
    13                                 [section .data]
    14                                 
    15                                 
    16                                 
    17                                 
    18                                 TRUE equ 1
    19                                 FALSE equ 0
    20                                 
    21                                 EXIT_SUCCESS equ 0
    22                                 SYS_exit equ 60
    23                                 
    24                                 
    25                                 
    26                                 
    27 00000000 11                      num1 db 17
    28 00000001 09                      num2 db 9
    29                                 
    30 00000002 00                      res1 db 0
    31 00000003 00                      res2 db 0
    32 00000004 0000                    res3 dw 0
    33 00000006 00                      res4 db 0
    34 00000007 00                      rem4 db 0
    35                                 
    36                                 
    37                                 
    38                                 
    39 00000008 8B13                    num3 dw 5003
    40 0000000A 0700                    num4 dw 7
    41                                 
    42 0000000C 0000                    res5 dw 0
    43 0000000E 0000                    res6 dw 0
    44 00000010 00000000                res7 dd 0
    45 00000014 0000                    res8 dw 0
    46 00000016 0000                    rem8 dw 0
    47                                 
    48                                 
    49                                 
    50                                 
    51 00000018 A7860100                num5 dd 100007
    52 0000001C DD050000                num6 dd 1501
    53                                 
    54 00000020 00000000                res9 dd 0
    55 00000024 00000000                res10 dd 0
    56 00000028 0000000000000000        res11 dq 0
    57 00000030 00000000                res12 dd 0
    58 00000034 00000000                rem12 dd 0
    59                                 
    60                                 
    61                                 
    62                                 
    63 00000038 2A54BC0000000000        num7 dq 12342314
    64 00000040 CD38000000000000        num8 dq 14541
    65                                 
    66 00000048 0000000000000000        res13 dq 0
    67 00000050 0000000000000000        res14 dq 0
    68 00000058 000000000000000000-     res15 ddq 0
    69 00000058 00000000000000     
    70 00000068 0000000000000000        res16 dq 0
    71 00000070 0000000000000000        rem16 dq 0
    72                                 
    73                                 
    74                                 
    75                                 
    76                                 
    77                                 [section .text]
    78                                 [global _start]
    79                                 _start:
    80                                 
    81                                 
    82                                 
    83                                 
    84                                 
    85 00000000 8A0425[00000000]        mov al, byte [num1]
    86 00000007 020425[00000000]        add al, byte [num2]
    87 0000000E 880425[00000000]        mov byte [res1], al
    88                                 
    89                                 
    90 00000015 8A0425[00000000]        mov al, byte [num1]
    91 0000001C 2A0425[00000000]        sub al, byte [num2]
    92 00000023 880425[00000000]        mov byte [res2], al
    93                                 
    94                                 
    95 0000002A 8A0425[00000000]        mov al, byte [num1]
    96 00000031 F62425[00000000]        mul byte [num2]
    97 00000038 66890425[00000000]      mov word [res3], ax
    98                                 
    99                                 
   100                                 
   101 00000040 8A0425[00000000]        mov al, byte [num1]
   102 00000047 6698                    cbw
   103 00000049 F63425[00000000]        div byte [num2]
   104 00000050 880425[00000000]        mov byte [res4], al
   105 00000057 882425[00000000]        mov byte [rem4], ah
   106                                 
   107                                 
   108                                 
   109                                 
   110                                 
   111 0000005E 668B0425[00000000]      mov ax, word [num3]
   112 00000066 66030425[00000000]      add ax, word [num4]
   113 0000006E 66890425[00000000]      mov word [res5], ax
   114                                 
   115                                 
   116 00000076 668B0425[00000000]      mov ax, word [num3]
   117 0000007E 662B0425[00000000]      sub ax, word [num4]
   118 00000086 66890425[00000000]      mov word [res6], ax
   119                                 
   120                                 
   121 0000008E 668B0425[00000000]      mov ax, word [num3]
   122 00000096 66F72425[00000000]      mul word [num4]
   123 0000009E 890425[00000000]        mov dword [res7], eax
   124                                 
   125                                 
   126                                 
   127 000000A5 668B0425[00000000]      mov ax, word [num3]
   128 000000AD 6699                    cwd
   129 000000AF 66F73425[00000000]      div word [num4]
   130 000000B7 66890425[00000000]      mov word [res8], ax
   131 000000BF 66891425[00000000]      mov word [rem8], dx
   132                                 
   133                                 
   134                                 
   135                                 
   136                                 
   137 000000C7 8B0425[00000000]        mov eax, dword [num5]
   138 000000CE 030425[00000000]        add eax, dword [num6]
   139 000000D5 890425[00000000]        mov dword [res9], eax
   140                                 
   141                                 
   142 000000DC 8B0425[00000000]        mov eax, dword [num5]
   143 000000E3 2B0425[00000000]        sub eax, dword [num6]
   144 000000EA 890425[00000000]        mov dword [res10], eax
   145                                 
   146                                 
   147 000000F1 8B0425[00000000]        mov eax, dword [num5]
   148 000000F8 F72425[00000000]        mul dword [num6]
   149 000000FF 890425[00000000]        mov dword [res11], eax
   150 00000106 891425[04000000]        mov dword [res11+4], edx
   151                                 
   152                                 
   153                                 
   154 0000010D 48C7C308000000          mov rbx, 8
   155 00000114 BA08000000              mov edx, 8
   156 00000119 B802000000              mov eax, 2
   157 0000011E 48F7EB                  imul rbx
   158 00000121 890425[00000000]        mov dword[res12], eax
   159 00000128 891425[00000000]        mov dword[rem12], edx
   160                                 
   161                                 
   162                                 
   163                                 
   164                                 
   165                                 
   166 0000012F 488B0425[00000000]      mov rax, qword [num7]
   167 00000137 48030425[00000000]      add rax, qword [num8]
   168 0000013F 48890425[00000000]      mov qword [res13], rax
   169                                 
   170                                 
   171 00000147 488B0425[00000000]      mov rax, qword [num7]
   172 0000014F 482B0425[00000000]      sub rax, qword [num8]
   173 00000157 48890425[00000000]      mov qword [res14], rax
   174                                 
   175                                 
   176 0000015F 488B0425[00000000]      mov rax, qword [num7]
   177 00000167 48F72425[00000000]      mul qword [num8]
   178 0000016F 48890425[00000000]      mov qword [res15], rax
   179 00000177 48891425[08000000]      mov qword [res15+8], rdx
   180                                 
   181                                 
   182                                 
   183 0000017F 488B0425[00000000]      mov rax, qword [num7]
   184                                  cto
   185 00000187 48F73425[00000000]      div qword [num8]
   186 0000018F 48890425[00000000]      mov [res16], rax
   187 00000197 48891425[00000000]      mov [rem16], rdx
   188                                 
   189                                 
   190                                 
   191                                 
   192                                 last:
   193 0000019F B83C000000              mov eax, SYS_exit
   194 000001A4 BB00000000              mov ebx, EXIT_SUCCESS
   195 000001A9 0F05                    syscall
